13/11/2025 04:56:47:orders:country : array (
  'id' => 'multivendorx_product_shipping_by_country:1',
  'label' => 'Regular Shipping',
  'cost' => 6.0,
  'taxes' => '',
)
13/11/2025 04:56:47:orders:distance : array (
  'id' => 'multivendorx_distance_shipping:2',
  'label' => 'Shipping Cost',
  'cost' => 67.0,
  'taxes' => '',
)
13/11/2025 05:02:52:orders:country : array (
  'id' => 'multivendorx_product_shipping_by_country:1',
  'label' => 'Regular Shipping',
  'cost' => 6.0,
  'taxes' => '',
)
13/11/2025 05:02:52:orders:distance : array (
  'id' => 'multivendorx_distance_shipping:2',
  'label' => 'Shipping Cost',
  'cost' => 67.0,
  'taxes' => '',
)
