25/09/2025 06:11:22:request:  : array (
)
25/09/2025 06:11:22:request:  : array (
)
25/09/2025 06:11:24:request:  : array (
)
25/09/2025 06:12:14:request:  : array (
)
25/09/2025 06:12:38:request:  : array (
)
25/09/2025 06:16:46:request:  : array (
)
25/09/2025 06:16:48:request:  : array (
)
25/09/2025 06:20:05:request:  : array (
)
25/09/2025 06:20:06:request:  : array (
)
25/09/2025 06:20:09:request:  : array (
)
25/09/2025 06:22:35:request:  : array (
)
25/09/2025 06:22:35:request:  : array (
)
25/09/2025 06:22:38:request:  : array (
)
25/09/2025 06:23:21:request:  : array (
)
25/09/2025 06:23:22:request:  : array (
)
25/09/2025 06:23:25:request:  : array (
)
25/09/2025 06:30:33:request:  : array (
)
25/09/2025 06:30:33:request:  : array (
)
25/09/2025 06:30:36:request:  : array (
)
25/09/2025 06:31:41:request:  : array (
)
25/09/2025 06:31:41:request:  : array (
)
25/09/2025 06:31:44:request:  : array (
)
25/09/2025 06:33:50:request:  : array (
)
25/09/2025 06:33:51:request:  : array (
)
25/09/2025 06:33:54:request:  : array (
)
25/09/2025 06:41:31:request:  : array (
)
25/09/2025 06:41:31:request:  : array (
)
25/09/2025 06:41:34:request:  : array (
)
25/09/2025 06:43:52:request:  : array (
)
25/09/2025 06:43:53:request:  : array (
)
25/09/2025 06:44:27:request:  : array (
)
25/09/2025 06:44:28:request:  : array (
)
25/09/2025 06:44:31:request:  : array (
)
25/09/2025 06:47:46:request:  : array (
)
25/09/2025 06:47:47:request:  : array (
)
25/09/2025 06:47:50:request:  : array (
)
25/09/2025 06:57:18:request:  : array (
)
25/09/2025 06:57:18:request:  : array (
)
25/09/2025 06:57:20:request:  : array (
)
25/09/2025 06:57:42:request:  : array (
)
25/09/2025 06:58:35:request:  : array (
)
25/09/2025 06:58:35:request:  : array (
)
25/09/2025 06:58:38:request:  : array (
)
25/09/2025 06:59:58:request:  : array (
)
25/09/2025 07:00:03:request:  : array (
)
25/09/2025 07:00:03:request:  : array (
)
25/09/2025 07:00:06:request:  : array (
)
25/09/2025 07:03:59:request:  : array (
)
25/09/2025 07:04:01:request:  : array (
)
25/09/2025 07:04:19:request:  : array (
)
25/09/2025 07:04:20:request:  : array (
)
25/09/2025 07:05:00:request:  : array (
)
25/09/2025 07:05:01:request:  : array (
)
25/09/2025 07:05:07:request:  : array (
)
25/09/2025 07:10:49:request:  : array (
)
25/09/2025 07:10:50:request:  : array (
)
25/09/2025 07:10:53:request:  : array (
)
25/09/2025 07:11:00:request:  : array (
)
25/09/2025 07:13:01:request:  : array (
)
25/09/2025 07:16:17:request:  : array (
)
25/09/2025 07:16:17:request:  : array (
)
25/09/2025 07:16:20:request:  : array (
)
25/09/2025 07:18:40:request:  : array (
)
25/09/2025 07:20:04:request:  : array (
)
25/09/2025 07:22:52:request:  : array (
)
25/09/2025 07:22:52:request:  : array (
)
25/09/2025 07:22:54:request:  : array (
)
25/09/2025 07:32:06:request:  : array (
)
25/09/2025 07:32:06:request:  : array (
)
25/09/2025 07:32:09:request:  : array (
)
25/09/2025 07:32:39:request:  : array (
)
25/09/2025 07:32:39:request:  : array (
)
25/09/2025 07:32:42:request:  : array (
)
25/09/2025 07:33:25:request:  : array (
)
25/09/2025 07:33:25:request:  : array (
)
25/09/2025 07:33:28:request:  : array (
)
25/09/2025 07:33:56:request:  : array (
)
25/09/2025 07:33:56:request:  : array (
)
25/09/2025 07:33:59:request:  : array (
)
25/09/2025 07:34:19:request:  : array (
)
25/09/2025 07:34:19:request:  : array (
)
25/09/2025 07:34:22:request:  : array (
)
25/09/2025 07:34:26:request:  : array (
)
25/09/2025 07:34:26:request:  : array (
)
25/09/2025 07:34:29:request:  : array (
)
25/09/2025 07:34:41:request:  : array (
)
25/09/2025 07:34:42:request:  : array (
)
25/09/2025 07:34:44:request:  : array (
)
25/09/2025 07:36:48:request:  : array (
)
25/09/2025 07:36:48:request:  : array (
)
25/09/2025 07:36:48:request:  : array (
)
25/09/2025 07:36:51:request:  : array (
)
25/09/2025 07:36:52:request:  : array (
)
25/09/2025 07:36:52:request:  : array (
)
25/09/2025 07:37:01:request:  : array (
)
25/09/2025 07:37:02:request:  : array (
)
25/09/2025 07:37:10:request:  : array (
)
25/09/2025 07:37:11:request:  : array (
)
25/09/2025 07:37:13:request:  : array (
)
25/09/2025 07:37:14:request:  : array (
)
25/09/2025 07:37:23:request:  : array (
)
25/09/2025 07:37:25:request:  : array (
)
25/09/2025 07:37:53:request:  : array (
)
25/09/2025 07:37:53:request:  : array (
)
25/09/2025 07:37:59:request:  : array (
)
25/09/2025 07:38:01:request:  : array (
)
25/09/2025 07:38:08:request:  : array (
)
25/09/2025 07:38:10:request:  : array (
)
25/09/2025 07:38:20:request:  : array (
)
25/09/2025 07:38:22:request:  : array (
)
25/09/2025 07:38:28:request:  : array (
)
25/09/2025 07:38:29:request:  : array (
)
25/09/2025 07:39:00:request:  : array (
)
25/09/2025 07:39:02:request:  : array (
)
25/09/2025 07:39:36:request:  : array (
)
25/09/2025 07:41:14:request:  : array (
)
25/09/2025 07:41:15:request:  : array (
)
25/09/2025 07:41:18:request:  : array (
)
25/09/2025 07:44:29:request:  : array (
)
25/09/2025 07:44:30:request:  : array (
)
25/09/2025 07:44:32:request:  : array (
)
25/09/2025 07:44:52:request:  : array (
)
25/09/2025 07:46:12:request:  : array (
)
25/09/2025 07:46:13:request:  : array (
)
25/09/2025 07:46:16:request:  : array (
)
25/09/2025 07:47:06:request:  : array (
)
25/09/2025 07:47:06:request:  : array (
)
25/09/2025 07:47:09:request:  : array (
)
25/09/2025 07:48:53:request:  : array (
)
25/09/2025 07:48:53:request:  : array (
)
25/09/2025 07:48:56:request:  : array (
)
25/09/2025 07:49:30:request:  : array (
)
25/09/2025 07:49:31:request:  : array (
)
25/09/2025 07:49:33:request:  : array (
)
25/09/2025 07:51:45:request:  : array (
)
25/09/2025 07:51:47:request:  : array (
)
25/09/2025 07:52:04:request:  : array (
)
25/09/2025 07:53:12:request:  : array (
)
25/09/2025 07:53:12:request:  : array (
)
25/09/2025 07:53:15:request:  : array (
)
25/09/2025 07:53:24:request:  : array (
)
25/09/2025 07:55:57:request:  : array (
)
25/09/2025 07:55:57:request:  : array (
)
25/09/2025 07:56:00:request:  : array (
)
25/09/2025 07:56:22:request:  : array (
)
25/09/2025 07:58:30:request:  : array (
)
25/09/2025 07:58:30:request:  : array (
)
25/09/2025 07:58:33:request:  : array (
)
25/09/2025 08:01:34:request:  : array (
)
25/09/2025 08:01:35:request:  : array (
)
25/09/2025 08:01:38:request:  : array (
)
25/09/2025 13:11:12:request:  : array (
)
25/09/2025 13:11:22:request:  : array (
)
25/09/2025 13:11:23:request:  : array (
)
25/09/2025 13:11:23:request:  : array (
)
25/09/2025 13:11:24:request:  : array (
)
25/09/2025 13:11:28:request:  : array (
)
25/09/2025 13:11:29:request:  : array (
)
25/09/2025 13:15:11:request:  : array (
)
25/09/2025 13:15:12:request:  : array (
)
25/09/2025 13:15:47:request:  : array (
  'post_title' => '',
  'original_post_title' => '',
  'post_ID' => '155',
  'original_post_status' => 'auto-draft',
  'current_visibility' => 'visible',
  'current_featured' => 'no',
  '_visibility' => 'visible',
  'product_excerpt' => '',
  'product_description' => '',
  'product-type' => 'simple',
  '_regular_price' => '',
  '_sale_price' => '',
  '_sale_price_dates_from' => '',
  '_sale_price_dates_to' => '',
  '_sku' => '',
  '_stock' => '0',
  '_original_stock' => '0',
  '_backorders' => 'no',
  '_low_stock_amount' => '',
  '_stock_status' => 'instock',
  'attribute_taxonomy' => 'pa_size',
  '_purchase_note' => '',
  'menu_order' => '0',
  'comment_status' => 'open',
  'featured_img' => '',
  'product_image_gallery' => '',
  'tax_input' => 
  array (
    'product_cat' => 
    array (
      0 => '19',
      1 => '18',
    ),
  ),
  'submit-data' => 'Publish',
  'status' => 'publish',
  'mvx_product_nonce' => '01ed7e161e',
  '_wp_http_referer' => '/dashboard/products/edit-product/',
)
25/09/2025 13:15:48:request:  : array (
)
25/09/2025 13:15:53:request:  : array (
  'post_title' => '',
  'original_post_title' => '',
  'post_ID' => '156',
  'original_post_status' => 'auto-draft',
  'current_visibility' => 'visible',
  'current_featured' => 'no',
  '_visibility' => 'visible',
  'product_excerpt' => '',
  'product_description' => '',
  'product-type' => 'simple',
  '_regular_price' => '',
  '_sale_price' => '',
  '_sale_price_dates_from' => '',
  '_sale_price_dates_to' => '',
  '_sku' => '',
  '_stock' => '0',
  '_original_stock' => '0',
  '_backorders' => 'no',
  '_low_stock_amount' => '0',
  '_stock_status' => 'instock',
  'attribute_taxonomy' => '',
  '_purchase_note' => '',
  'menu_order' => '0',
  'comment_status' => 'open',
  'featured_img' => '',
  'product_image_gallery' => '',
  'tax_input' => 
  array (
    'product_cat' => 
    array (
      0 => '19',
      1 => '18',
    ),
  ),
  'submit-data' => 'Publish',
  'status' => 'publish',
  'mvx_product_nonce' => '01ed7e161e',
  '_wp_http_referer' => '/dashboard/products/edit-product/',
)
25/09/2025 13:15:53:request:  : array (
)
25/09/2025 13:18:38:request:  : array (
  'post_title' => '',
  'original_post_title' => '',
  'post_ID' => '156',
  'original_post_status' => 'auto-draft',
  'current_visibility' => 'visible',
  'current_featured' => 'no',
  '_visibility' => 'visible',
  'product_excerpt' => '',
  'product_description' => '',
  'product-type' => 'simple',
  '_regular_price' => '',
  '_sale_price' => '',
  '_sale_price_dates_from' => '',
  '_sale_price_dates_to' => '',
  '_sku' => '',
  '_stock' => '0',
  '_original_stock' => '0',
  '_backorders' => 'no',
  '_low_stock_amount' => '0',
  '_stock_status' => 'instock',
  'attribute_taxonomy' => '',
  '_purchase_note' => '',
  'menu_order' => '0',
  'comment_status' => 'open',
  'featured_img' => '',
  'product_image_gallery' => '',
  'tax_input' => 
  array (
    'product_cat' => 
    array (
      0 => '19',
      1 => '18',
    ),
  ),
  'submit-data' => 'Publish',
  'status' => 'publish',
  'mvx_product_nonce' => '01ed7e161e',
  '_wp_http_referer' => '/dashboard/products/edit-product/',
)
25/09/2025 13:18:40:request:  : array (
)
25/09/2025 13:19:08:request:  : array (
)
25/09/2025 13:22:11:request:  : array (
  'post_title' => '',
  'original_post_title' => '',
  'post_ID' => '156',
  'original_post_status' => 'auto-draft',
  'current_visibility' => 'visible',
  'current_featured' => 'no',
  '_visibility' => 'visible',
  'product_excerpt' => '',
  'product_description' => '',
  'product-type' => 'simple',
  '_regular_price' => '',
  '_sale_price' => '',
  '_sale_price_dates_from' => '',
  '_sale_price_dates_to' => '',
  '_sku' => '',
  '_stock' => '0',
  '_original_stock' => '0',
  '_backorders' => 'no',
  '_low_stock_amount' => '0',
  '_stock_status' => 'instock',
  'attribute_taxonomy' => '',
  '_purchase_note' => '',
  'menu_order' => '0',
  'comment_status' => 'open',
  'featured_img' => '',
  'product_image_gallery' => '',
  'tax_input' => 
  array (
    'product_cat' => 
    array (
      0 => '19',
      1 => '18',
    ),
  ),
  'submit-data' => 'Publish',
  'status' => 'publish',
  'mvx_product_nonce' => '01ed7e161e',
  '_wp_http_referer' => '/dashboard/products/edit-product/',
)
25/09/2025 13:22:11:request:  : array (
)
25/09/2025 13:22:14:request:  : array (
)
25/09/2025 13:23:38:request:  : array (
)
25/09/2025 13:24:45:request:  : array (
)
25/09/2025 13:25:57:request:  : array (
  'post_title' => '',
  'original_post_title' => '',
  'post_ID' => '156',
  'original_post_status' => 'auto-draft',
  'current_visibility' => 'visible',
  'current_featured' => 'no',
  '_visibility' => 'visible',
  'product_excerpt' => '',
  'product_description' => '',
  'product-type' => 'simple',
  '_regular_price' => '',
  '_sale_price' => '',
  '_sale_price_dates_from' => '',
  '_sale_price_dates_to' => '',
  '_sku' => '',
  '_stock' => '0',
  '_original_stock' => '0',
  '_backorders' => 'no',
  '_low_stock_amount' => '0',
  '_stock_status' => 'instock',
  'attribute_taxonomy' => '',
  '_purchase_note' => '',
  'menu_order' => '0',
  'comment_status' => 'open',
  'featured_img' => '',
  'product_image_gallery' => '',
  'tax_input' => 
  array (
    'product_cat' => 
    array (
      0 => '19',
      1 => '18',
    ),
  ),
  'submit-data' => 'Publish',
  'status' => 'publish',
  'mvx_product_nonce' => '01ed7e161e',
  '_wp_http_referer' => '/dashboard/products/edit-product/',
)
25/09/2025 13:25:57:request:  : array (
)
25/09/2025 13:26:03:request:  : array (
)
25/09/2025 13:28:44:request:  : array (
)
25/09/2025 13:30:00:request:  : array (
)
25/09/2025 13:33:08:request:  : array (
  'post_title' => '',
  'original_post_title' => '',
  'post_ID' => '156',
  'original_post_status' => 'auto-draft',
  'current_visibility' => 'visible',
  'current_featured' => 'no',
  '_visibility' => 'visible',
  'product_excerpt' => '',
  'product_description' => '',
  'product-type' => 'simple',
  '_regular_price' => '',
  '_sale_price' => '',
  '_sale_price_dates_from' => '',
  '_sale_price_dates_to' => '',
  '_sku' => '',
  '_stock' => '0',
  '_original_stock' => '0',
  '_backorders' => 'no',
  '_low_stock_amount' => '0',
  '_stock_status' => 'instock',
  'attribute_taxonomy' => '',
  '_purchase_note' => '',
  'menu_order' => '0',
  'comment_status' => 'open',
  'featured_img' => '',
  'product_image_gallery' => '',
  'tax_input' => 
  array (
    'product_cat' => 
    array (
      0 => '19',
      1 => '18',
    ),
  ),
  'submit-data' => 'Publish',
  'status' => 'publish',
  'mvx_product_nonce' => '01ed7e161e',
  '_wp_http_referer' => '/dashboard/products/edit-product/',
)
25/09/2025 13:33:09:request:  : array (
)
25/09/2025 13:33:12:request:  : array (
)
25/09/2025 13:33:20:request:  : array (
  'submit-data' => 'Publish',
  'status' => 'publish',
  'mvx_product_nonce' => '01ed7e161e',
  '_wp_http_referer' => '/dashboard/products/edit-product/',
  'post_title' => '',
  'original_post_title' => '',
  'post_ID' => '167',
  'original_post_status' => 'auto-draft',
  'current_visibility' => 'visible',
  'current_featured' => 'no',
  '_visibility' => 'visible',
  'product_excerpt' => '',
  'product_description' => '',
  'product-type' => 'simple',
  '_regular_price' => '',
  '_sale_price' => '',
  '_sale_price_dates_from' => '',
  '_sale_price_dates_to' => '',
  '_sku' => '',
  '_stock' => '0',
  '_original_stock' => '0',
  '_backorders' => 'no',
  '_low_stock_amount' => '0',
  '_stock_status' => 'instock',
  'attribute_taxonomy' => '',
  '_purchase_note' => '',
  'menu_order' => '0',
  'comment_status' => 'open',
  'featured_img' => '',
  'product_image_gallery' => '',
  'tax_input' => 
  array (
    'product_cat' => 
    array (
      0 => '19',
      1 => '18',
    ),
  ),
)
25/09/2025 13:33:22:request:  : array (
)
25/09/2025 13:33:26:request:  : array (
  'draft-data' => 'Draft',
  'status' => 'draft',
  'mvx_product_nonce' => '01ed7e161e',
  '_wp_http_referer' => '/dashboard/products/edit-product/',
  'post_title' => '',
  'original_post_title' => '',
  'post_ID' => '168',
  'original_post_status' => 'auto-draft',
  'current_visibility' => 'visible',
  'current_featured' => 'no',
  '_visibility' => 'visible',
  'product_excerpt' => '',
  'product_description' => '',
  'product-type' => 'simple',
  '_regular_price' => '',
  '_sale_price' => '',
  '_sale_price_dates_from' => '',
  '_sale_price_dates_to' => '',
  '_sku' => '',
  '_stock' => '0',
  '_original_stock' => '0',
  '_backorders' => 'no',
  '_low_stock_amount' => '0',
  '_stock_status' => 'instock',
  'attribute_taxonomy' => '',
  '_purchase_note' => '',
  'menu_order' => '0',
  'comment_status' => 'open',
  'featured_img' => '',
  'product_image_gallery' => '',
  'tax_input' => 
  array (
    'product_cat' => 
    array (
      0 => '19',
      1 => '18',
    ),
  ),
)
25/09/2025 13:33:27:request:  : array (
)
25/09/2025 13:33:35:request:  : array (
)
25/09/2025 13:34:31:request:  : array (
  'draft-data' => 'Draft',
  'status' => 'draft',
  'mvx_product_nonce' => '01ed7e161e',
  '_wp_http_referer' => '/dashboard/products/edit-product/',
  'post_title' => '',
  'original_post_title' => '',
  'post_ID' => '168',
  'original_post_status' => 'auto-draft',
  'current_visibility' => 'visible',
  'current_featured' => 'no',
  '_visibility' => 'visible',
  'product_excerpt' => '',
  'product_description' => '',
  'product-type' => 'simple',
  '_regular_price' => '',
  '_sale_price' => '',
  '_sale_price_dates_from' => '',
  '_sale_price_dates_to' => '',
  '_sku' => '',
  '_stock' => '0',
  '_original_stock' => '0',
  '_backorders' => 'no',
  '_low_stock_amount' => '0',
  '_stock_status' => 'instock',
  'attribute_taxonomy' => '',
  '_purchase_note' => '',
  'menu_order' => '0',
  'comment_status' => 'open',
  'featured_img' => '',
  'product_image_gallery' => '',
  'tax_input' => 
  array (
    'product_cat' => 
    array (
      0 => '19',
      1 => '18',
    ),
  ),
)
25/09/2025 13:34:32:request:  : array (
)
25/09/2025 13:34:35:request:  : array (
)
25/09/2025 13:34:47:request:  : array (
  'draft-data' => 'Draft',
  'status' => 'draft',
  'mvx_product_nonce' => '01ed7e161e',
  '_wp_http_referer' => '/dashboard/products/edit-product/',
  'post_title' => '',
  'original_post_title' => '',
  'post_ID' => '168',
  'original_post_status' => 'auto-draft',
  'current_visibility' => 'visible',
  'current_featured' => 'no',
  '_visibility' => 'visible',
  'product_excerpt' => '',
  'product_description' => '',
  'product-type' => 'simple',
  '_regular_price' => '',
  '_sale_price' => '',
  '_sale_price_dates_from' => '',
  '_sale_price_dates_to' => '',
  '_sku' => '',
  '_stock' => '0',
  '_original_stock' => '0',
  '_backorders' => 'no',
  '_low_stock_amount' => '0',
  '_stock_status' => 'instock',
  'attribute_taxonomy' => '',
  '_purchase_note' => '',
  'menu_order' => '0',
  'comment_status' => 'open',
  'featured_img' => '',
  'product_image_gallery' => '',
  'tax_input' => 
  array (
    'product_cat' => 
    array (
      0 => '19',
      1 => '18',
    ),
  ),
)
25/09/2025 13:34:48:request:  : array (
)
25/09/2025 13:34:51:request:  : array (
)
25/09/2025 13:35:00:request:  : array (
  'draft-data' => 'Draft',
  'status' => 'draft',
  'mvx_product_nonce' => '01ed7e161e',
  '_wp_http_referer' => '/dashboard/products/edit-product/',
  'post_title' => '',
  'original_post_title' => '',
  'post_ID' => '168',
  'original_post_status' => 'auto-draft',
  'current_visibility' => 'visible',
  'current_featured' => 'no',
  '_visibility' => 'visible',
  'product_excerpt' => '',
  'product_description' => '',
  'product-type' => 'simple',
  '_regular_price' => '',
  '_sale_price' => '',
  '_sale_price_dates_from' => '',
  '_sale_price_dates_to' => '',
  '_sku' => '',
  '_stock' => '0',
  '_original_stock' => '0',
  '_backorders' => 'no',
  '_low_stock_amount' => '0',
  '_stock_status' => 'instock',
  'attribute_taxonomy' => '',
  '_purchase_note' => '',
  'menu_order' => '0',
  'comment_status' => 'open',
  'featured_img' => '',
  'product_image_gallery' => '',
  'tax_input' => 
  array (
    'product_cat' => 
    array (
      0 => '19',
      1 => '18',
    ),
  ),
)
25/09/2025 13:35:00:request:  : array (
)
25/09/2025 13:35:03:request:  : array (
)
25/09/2025 13:35:06:request:  : array (
  'draft-data' => 'Draft',
  'status' => 'draft',
  'mvx_product_nonce' => '01ed7e161e',
  '_wp_http_referer' => '/dashboard/products/edit-product/',
  'post_title' => '',
  'original_post_title' => '',
  'post_ID' => '168',
  'original_post_status' => 'auto-draft',
  'current_visibility' => 'visible',
  'current_featured' => 'no',
  '_visibility' => 'visible',
  'product_excerpt' => '',
  'product_description' => '',
  'product-type' => 'simple',
  '_regular_price' => '',
  '_sale_price' => '',
  '_sale_price_dates_from' => '',
  '_sale_price_dates_to' => '',
  '_sku' => '',
  '_stock' => '0',
  '_original_stock' => '0',
  '_backorders' => 'no',
  '_low_stock_amount' => '0',
  '_stock_status' => 'instock',
  'attribute_taxonomy' => '',
  '_purchase_note' => '',
  'menu_order' => '0',
  'comment_status' => 'open',
  'featured_img' => '',
  'product_image_gallery' => '',
  'tax_input' => 
  array (
    'product_cat' => 
    array (
      0 => '19',
      1 => '18',
    ),
  ),
)
25/09/2025 13:35:07:request:  : array (
)
25/09/2025 13:35:10:request:  : array (
)
25/09/2025 13:35:16:request:  : array (
  'submit-data' => 'Publish',
  'status' => 'publish',
  'mvx_product_nonce' => '01ed7e161e',
  '_wp_http_referer' => '/dashboard/products/edit-product/',
  'post_title' => '',
  'original_post_title' => '',
  'post_ID' => '173',
  'original_post_status' => 'auto-draft',
  'current_visibility' => 'visible',
  'current_featured' => 'no',
  '_visibility' => 'visible',
  'product_excerpt' => '',
  'product_description' => '',
  'product-type' => 'simple',
  '_regular_price' => '',
  '_sale_price' => '',
  '_sale_price_dates_from' => '',
  '_sale_price_dates_to' => '',
  '_sku' => '',
  '_stock' => '0',
  '_original_stock' => '0',
  '_backorders' => 'no',
  '_low_stock_amount' => '0',
  '_stock_status' => 'instock',
  'attribute_taxonomy' => '',
  '_purchase_note' => '',
  'menu_order' => '0',
  'comment_status' => 'open',
  'featured_img' => '',
  'product_image_gallery' => '',
  'tax_input' => 
  array (
    'product_cat' => 
    array (
      0 => '19',
      1 => '18',
    ),
  ),
)
25/09/2025 13:35:17:request:  : array (
)
25/09/2025 13:37:01:request:  : array (
)
25/09/2025 13:41:08:request:  : array (
  'submit-data' => 'Publish',
  'status' => 'publish',
  'mvx_product_nonce' => '01ed7e161e',
  '_wp_http_referer' => '/dashboard/products/edit-product/',
  'post_title' => '',
  'original_post_title' => '',
  'post_ID' => '174',
  'original_post_status' => 'auto-draft',
  'current_visibility' => 'visible',
  'current_featured' => 'no',
  '_visibility' => 'visible',
  'product_excerpt' => '<ol>
 	<li style=\\"text-align: center;\\"></li>
</ol>
<!--more-->',
  'product_description' => '',
  'product-type' => 'variable',
  '_regular_price' => '',
  '_sale_price' => '',
  '_sale_price_dates_from' => '',
  '_sale_price_dates_to' => '',
  '_sku' => '',
  '_stock' => '0',
  '_original_stock' => '0',
  '_backorders' => 'no',
  '_low_stock_amount' => '0',
  '_stock_status' => 'instock',
  'attribute_taxonomy' => 'pa_size',
  '_purchase_note' => '',
  'menu_order' => '0',
  'comment_status' => 'open',
  'featured_img' => '',
  'product_image_gallery' => '',
  'tax_input' => 
  array (
    'product_cat' => 
    array (
      0 => '19',
      1 => '18',
    ),
  ),
)
25/09/2025 13:41:08:request:  : array (
)
25/09/2025 13:41:10:request:  : array (
)
25/09/2025 13:41:10:request:  : array (
)
25/09/2025 13:41:12:request:  : array (
)
25/09/2025 13:41:34:request:  : array (
)
25/09/2025 13:41:53:request:  : array (
)
25/09/2025 13:43:57:request:  : array (
)
25/09/2025 13:43:57:request:  : array (
)
25/09/2025 13:44:01:request:  : array (
)
25/09/2025 13:44:28:request:  : array (
)
25/09/2025 13:44:29:request:  : array (
)
25/09/2025 13:44:32:request:  : array (
)
25/09/2025 13:44:47:request:  : array (
  'submit-data' => 'Update',
  'status' => 'publish',
  'mvx_product_nonce' => '01ed7e161e',
  '_wp_http_referer' => '/dashboard/products/edit-product/174/',
  'post_title' => '',
  'original_post_title' => '',
  'post_ID' => '174',
  'original_post_status' => 'publish',
  'current_visibility' => 'visible',
  'current_featured' => 'no',
  '_visibility' => 'visible',
  'product_excerpt' => '<ol>
 	<li style=\\"text-align: center;\\"></li>
</ol>
<!--more-->',
  'product_description' => '',
  'product-type' => 'simple',
  '_regular_price' => '',
  '_sale_price' => '',
  '_sale_price_dates_from' => '',
  '_sale_price_dates_to' => '',
  '_sku' => '-1',
  '_stock' => '0',
  '_original_stock' => '0',
  '_backorders' => 'no',
  '_low_stock_amount' => '',
  '_stock_status' => 'outofstock',
  'attribute_taxonomy' => '',
  '_purchase_note' => '',
  'menu_order' => '0',
  'comment_status' => 'open',
  'featured_img' => '',
  'product_image_gallery' => '',
  'tax_input' => 
  array (
    'product_cat' => 
    array (
      0 => '19',
      1 => '18',
    ),
  ),
)
25/09/2025 13:44:48:request:  : array (
)
25/09/2025 13:44:50:request:  : array (
)
25/09/2025 13:45:05:request:  : array (
)
25/09/2025 13:47:49:request:  : array (
)
25/09/2025 13:58:50:request:  : array (
)
25/09/2025 14:03:15:request:  : array (
)
25/09/2025 14:03:16:request:  : array (
)
25/09/2025 14:03:19:request:  : array (
)
25/09/2025 14:11:30:request:  : array (
)
25/09/2025 14:11:30:request:  : array (
)
25/09/2025 14:11:33:request:  : array (
)
25/09/2025 14:11:42:request:  : array (
)
25/09/2025 14:12:59:request:  : array (
)
25/09/2025 14:12:59:request:  : array (
)
25/09/2025 14:13:02:request:  : array (
)
25/09/2025 14:17:22:request:  : array (
)
25/09/2025 14:17:22:request:  : array (
)
25/09/2025 14:17:25:request:  : array (
)
25/09/2025 14:17:33:request:  : array (
)
25/09/2025 14:21:22:request:  : array (
)
25/09/2025 14:21:53:request:  : array (
)
25/09/2025 14:21:54:request:  : array (
)
25/09/2025 14:21:57:request:  : array (
)
25/09/2025 14:22:23:request:  : array (
)
25/09/2025 14:23:47:request:  : array (
)
25/09/2025 14:23:48:request:  : array (
)
25/09/2025 14:23:51:request:  : array (
)
25/09/2025 14:25:43:request:  : array (
)
25/09/2025 14:25:43:request:  : array (
)
25/09/2025 14:25:46:request:  : array (
)
25/09/2025 14:26:18:request:  : array (
)
25/09/2025 14:29:44:request:  : array (
  'status' => 'publish',
  'mvx_product_nonce' => '01ed7e161e',
  '_wp_http_referer' => '/dashboard/products/edit-product/174/',
  'post_title' => '',
  'original_post_title' => '',
  'post_ID' => '174',
  'original_post_status' => 'publish',
  'current_visibility' => 'visible',
  'current_featured' => 'no',
  '_visibility' => 'visible',
  'product_excerpt' => '<ol>
 	<li style=\\"text-align: center;\\"></li>
</ol>
<!--more-->',
  'product_description' => '',
  'product-type' => 'simple',
  '_regular_price' => '',
  '_sale_price' => '',
  '_sale_price_dates_from' => '',
  '_sale_price_dates_to' => '',
  '_sku' => '-1',
  '_stock' => '0',
  '_original_stock' => '0',
  '_backorders' => 'no',
  '_low_stock_amount' => '',
  '_stock_status' => 'outofstock',
  'attribute_taxonomy' => '',
  'wc_attributes' => 
  array (
    0 => 
    array (
      'name' => 'pa_color',
      'tax_name' => 'pa_color',
      'position' => '0',
      'value' => 
      array (
        0 => '22',
        1 => '23',
        2 => '24',
        3 => '29',
      ),
      'visibility' => '1',
    ),
  ),
  '_purchase_note' => '',
  'menu_order' => '0',
  'comment_status' => 'open',
  'featured_img' => '',
  'product_image_gallery' => '',
  'tax_input' => 
  array (
    'product_cat' => 
    array (
      0 => '19',
      1 => '18',
    ),
  ),
)
25/09/2025 14:29:44:request:  : array (
)
25/09/2025 14:29:46:request:  : array (
)
25/09/2025 14:29:51:request:  : array (
  'status' => 'publish',
  'mvx_product_nonce' => '01ed7e161e',
  '_wp_http_referer' => '/dashboard/products/edit-product/174/',
  'post_title' => '',
  'original_post_title' => '',
  'post_ID' => '174',
  'original_post_status' => 'publish',
  'current_visibility' => 'visible',
  'current_featured' => 'no',
  '_visibility' => 'visible',
  'product_excerpt' => '<ol>
 	<li style=\\"text-align: center;\\"></li>
</ol>
<!--more-->',
  'product_description' => '',
  'product-type' => 'simple',
  '_regular_price' => '',
  '_sale_price' => '',
  '_sale_price_dates_from' => '',
  '_sale_price_dates_to' => '',
  '_sku' => '-1',
  '_stock' => '0',
  '_original_stock' => '0',
  '_backorders' => 'no',
  '_low_stock_amount' => '',
  '_stock_status' => 'outofstock',
  'attribute_taxonomy' => '',
  'wc_attributes' => 
  array (
    0 => 
    array (
      'name' => 'pa_color',
      'tax_name' => 'pa_color',
      'position' => '0',
      'value' => 
      array (
        0 => '22',
        1 => '23',
        2 => '24',
        3 => '29',
      ),
      'visibility' => '1',
    ),
  ),
  '_purchase_note' => '',
  'menu_order' => '0',
  'comment_status' => 'open',
  'featured_img' => '',
  'product_image_gallery' => '',
  'tax_input' => 
  array (
    'product_cat' => 
    array (
      0 => '19',
      1 => '18',
    ),
  ),
)
25/09/2025 14:29:51:request:  : array (
)
25/09/2025 14:29:52:request:  : array (
)
25/09/2025 14:29:57:request:  : array (
  'status' => 'publish',
  'mvx_product_nonce' => '01ed7e161e',
  '_wp_http_referer' => '/dashboard/products/edit-product/174/',
  'post_title' => '',
  'original_post_title' => '',
  'post_ID' => '174',
  'original_post_status' => 'publish',
  'current_visibility' => 'visible',
  'current_featured' => 'no',
  '_visibility' => 'visible',
  'product_excerpt' => '<ol>
 	<li style=\\"text-align: center;\\"></li>
</ol>
<!--more-->',
  'product_description' => '',
  'product-type' => 'simple',
  '_regular_price' => '',
  '_sale_price' => '',
  '_sale_price_dates_from' => '',
  '_sale_price_dates_to' => '',
  '_sku' => '-1',
  '_stock' => '0',
  '_original_stock' => '0',
  '_backorders' => 'no',
  '_low_stock_amount' => '',
  '_stock_status' => 'outofstock',
  'attribute_taxonomy' => '',
  'wc_attributes' => 
  array (
    0 => 
    array (
      'name' => 'pa_color',
      'tax_name' => 'pa_color',
      'position' => '0',
      'value' => 
      array (
        0 => '22',
        1 => '23',
        2 => '24',
        3 => '29',
      ),
      'visibility' => '1',
    ),
  ),
  '_purchase_note' => '',
  'menu_order' => '0',
  'comment_status' => 'open',
  'featured_img' => '',
  'product_image_gallery' => '',
  'tax_input' => 
  array (
    'product_cat' => 
    array (
      0 => '19',
      1 => '18',
    ),
  ),
)
25/09/2025 14:29:57:request:  : array (
)
25/09/2025 14:29:58:request:  : array (
)
25/09/2025 14:30:19:request:  : array (
)
25/09/2025 14:34:34:request:  : array (
)
25/09/2025 14:34:35:request:  : array (
)
25/09/2025 14:34:37:request:  : array (
)
25/09/2025 14:37:57:request:  : array (
)
25/09/2025 14:41:37:request:  : array (
)
25/09/2025 14:43:32:request:  : array (
)
25/09/2025 14:43:56:request:  : array (
)
25/09/2025 14:44:02:request:  : array (
)
25/09/2025 14:44:03:request:  : array (
)
25/09/2025 14:44:58:request:  : array (
)
25/09/2025 14:45:01:request:  : array (
)
25/09/2025 14:45:01:request:  : array (
)
25/09/2025 14:47:11:request:  : array (
)
25/09/2025 14:47:14:request:  : array (
)
25/09/2025 14:47:14:request:  : array (
)
25/09/2025 14:47:18:request:  : array (
)
25/09/2025 14:47:18:request:  : array (
)
25/09/2025 14:49:09:request:  : array (
)
25/09/2025 14:49:11:request:  : array (
)
25/09/2025 14:49:14:request:  : array (
)
25/09/2025 14:49:15:request:  : array (
)
25/09/2025 14:51:00:request:  : array (
)
25/09/2025 14:51:02:request:  : array (
)
25/09/2025 14:51:02:request:  : array (
)
25/09/2025 14:51:20:request:  : array (
)
25/09/2025 14:51:22:request:  : array (
)
25/09/2025 14:51:22:request:  : array (
)
25/09/2025 14:51:30:request:  : array (
)
25/09/2025 14:51:32:request:  : array (
)
25/09/2025 14:51:33:request:  : array (
)
25/09/2025 14:51:45:request:  : array (
)
25/09/2025 14:51:47:request:  : array (
)
25/09/2025 14:51:48:request:  : array (
)
25/09/2025 14:56:26:request:  : array (
)
25/09/2025 15:00:37:request:  : array (
)
25/09/2025 15:01:28:request:  : array (
)
25/09/2025 15:01:30:request:  : array (
)
25/09/2025 15:02:16:request:  : array (
)
25/09/2025 15:02:18:request:  : array (
)
25/09/2025 15:04:25:request:  : array (
)
25/09/2025 15:04:54:request:  : array (
)
25/09/2025 15:05:12:request:  : array (
)
25/09/2025 15:05:19:request:  : array (
)
25/09/2025 15:05:22:request:  : array (
)
25/09/2025 15:05:32:request:  : array (
)
25/09/2025 15:05:38:request:  : array (
)
25/09/2025 15:05:44:request:  : array (
)
25/09/2025 15:05:45:request:  : array (
)
25/09/2025 15:07:03:request:  : array (
)
25/09/2025 15:07:05:request:  : array (
)
25/09/2025 15:07:05:request:  : array (
)
25/09/2025 15:08:26:request:  : array (
)
25/09/2025 15:08:28:request:  : array (
)
25/09/2025 15:08:28:request:  : array (
)
25/09/2025 15:08:49:request:  : array (
)
25/09/2025 15:08:51:request:  : array (
)
25/09/2025 15:08:51:request:  : array (
)
25/09/2025 15:09:50:request:  : array (
)
25/09/2025 15:09:52:request:  : array (
)
25/09/2025 15:09:52:request:  : array (
)
25/09/2025 15:10:12:request:  : array (
)
25/09/2025 15:10:16:request:  : array (
)
25/09/2025 15:11:36:request:  : array (
)
25/09/2025 15:11:43:request:  : array (
)
25/09/2025 15:11:45:request:  : array (
)
25/09/2025 15:12:43:request:  : array (
)
25/09/2025 15:12:45:request:  : array (
)
25/09/2025 15:12:52:request:  : array (
)
25/09/2025 15:12:52:request:  : array (
)
25/09/2025 15:13:04:request:  : array (
)
25/09/2025 15:13:04:request:  : array (
)
25/09/2025 15:14:40:request:  : array (
)
25/09/2025 15:14:42:request:  : array (
)
25/09/2025 15:14:42:request:  : array (
)
25/09/2025 15:15:04:request:  : array (
)
25/09/2025 15:15:06:request:  : array (
)
25/09/2025 15:15:06:request:  : array (
)
25/09/2025 15:16:17:request:  : array (
)
25/09/2025 15:16:20:request:  : array (
)
25/09/2025 15:16:20:request:  : array (
)
25/09/2025 15:17:16:request:  : array (
)
25/09/2025 15:17:19:request:  : array (
)
25/09/2025 15:17:19:request:  : array (
)
25/09/2025 15:19:07:request:  : array (
)
25/09/2025 15:19:15:request:  : array (
)
25/09/2025 15:19:17:request:  : array (
)
25/09/2025 15:20:41:request:  : array (
)
25/09/2025 15:20:43:request:  : array (
)
25/09/2025 15:20:43:request:  : array (
)
25/09/2025 15:21:23:request:  : array (
)
25/09/2025 15:21:26:request:  : array (
)
25/09/2025 15:21:26:request:  : array (
)
25/09/2025 15:24:15:request:  : array (
)
25/09/2025 15:24:17:request:  : array (
)
25/09/2025 15:28:31:request:  : array (
)
25/09/2025 15:28:36:request:  : array (
)
25/09/2025 15:28:38:request:  : array (
)
25/09/2025 15:30:00:request:  : array (
)
25/09/2025 15:30:02:request:  : array (
)
25/09/2025 15:30:53:request:  : array (
)
25/09/2025 15:31:44:request:  : array (
)
25/09/2025 15:31:47:request:  : array (
)
25/09/2025 15:31:48:request:  : array (
)
25/09/2025 15:32:33:request:  : array (
)
25/09/2025 15:32:34:request:  : array (
)
25/09/2025 15:33:22:request:  : array (
)
25/09/2025 15:33:26:request:  : array (
)
25/09/2025 15:33:27:request:  : array (
)
25/09/2025 15:34:24:request:  : array (
)
25/09/2025 15:34:25:request:  : array (
)
25/09/2025 15:34:35:request:  : array (
)
25/09/2025 15:34:35:request:  : array (
)
25/09/2025 15:35:14:request:  : array (
)
25/09/2025 15:35:16:request:  : array (
)
25/09/2025 15:36:05:request:  : array (
)
25/09/2025 15:36:19:request:  : array (
)
25/09/2025 15:36:20:request:  : array (
)
25/09/2025 15:37:41:request:  : array (
)
25/09/2025 15:37:42:request:  : array (
)
25/09/2025 15:37:43:request:  : array (
)
25/09/2025 15:37:49:request:  : array (
)
25/09/2025 15:37:49:request:  : array (
)
25/09/2025 15:40:38:request:  : array (
)
25/09/2025 15:40:57:request:  : array (
)
25/09/2025 15:40:59:request:  : array (
)
25/09/2025 15:41:01:request:  : array (
)
25/09/2025 15:43:16:request:  : array (
)
25/09/2025 15:43:19:request:  : array (
)
25/09/2025 15:43:19:request:  : array (
)
25/09/2025 15:43:33:request:  : array (
)
25/09/2025 15:43:33:request:  : array (
)
25/09/2025 15:44:26:request:  : array (
)
25/09/2025 15:44:29:request:  : array (
)
25/09/2025 15:44:32:request:  : array (
)
25/09/2025 15:44:49:request:  : array (
)
25/09/2025 15:45:03:request:  : array (
)
25/09/2025 15:45:26:request:  : array (
)
25/09/2025 15:45:28:request:  : array (
)
25/09/2025 15:45:40:request:  : array (
)
25/09/2025 15:45:42:request:  : array (
)
25/09/2025 15:45:42:request:  : array (
)
25/09/2025 15:46:56:request:  : array (
)
25/09/2025 15:46:58:request:  : array (
)
25/09/2025 15:51:39:request:  : array (
)
25/09/2025 15:51:47:request:  : array (
)
25/09/2025 15:51:48:request:  : array (
)
25/09/2025 15:56:31:request:  : array (
)
25/09/2025 15:56:34:request:  : array (
)
25/09/2025 15:56:34:request:  : array (
)
25/09/2025 15:57:40:request:  : array (
)
25/09/2025 15:59:13:request:  : array (
)
25/09/2025 16:01:33:request:  : array (
)
25/09/2025 16:01:35:request:  : array (
)
25/09/2025 16:01:36:request:  : array (
)
25/09/2025 16:02:31:request:  : array (
)
25/09/2025 16:02:33:request:  : array (
)
25/09/2025 16:02:33:request:  : array (
)
25/09/2025 16:02:36:request:  : array (
)
25/09/2025 16:02:39:request:  : array (
)
25/09/2025 16:02:39:request:  : array (
)
25/09/2025 16:03:49:request:  : array (
)
25/09/2025 16:03:52:request:  : array (
)
25/09/2025 16:03:52:request:  : array (
)
25/09/2025 16:06:36:request:  : array (
)
25/09/2025 16:06:38:request:  : array (
)
25/09/2025 16:06:38:request:  : array (
)
25/09/2025 16:07:23:request:  : array (
)
25/09/2025 16:09:41:request:  : array (
)
25/09/2025 16:09:43:request:  : array (
)
25/09/2025 16:10:15:request:  : array (
)
25/09/2025 16:10:15:request:  : array (
)
25/09/2025 16:13:36:request:  : array (
)
25/09/2025 16:14:49:request:  : array (
)
25/09/2025 16:18:17:request:  : array (
)
25/09/2025 16:19:05:request:  : array (
)
25/09/2025 16:19:07:request:  : array (
)
25/09/2025 16:21:58:request:  : array (
)
25/09/2025 16:22:00:request:  : array (
)
25/09/2025 16:22:01:request:  : array (
)
25/09/2025 16:22:33:request:  : array (
)
25/09/2025 16:22:35:request:  : array (
)
25/09/2025 16:22:35:request:  : array (
)
25/09/2025 16:23:26:request:  : array (
)
25/09/2025 16:23:28:request:  : array (
)
25/09/2025 16:23:32:request:  : array (
)
25/09/2025 16:23:48:request:  : array (
)
25/09/2025 16:23:50:request:  : array (
)
25/09/2025 16:24:14:request:  : array (
)
25/09/2025 16:24:16:request:  : array (
)
25/09/2025 16:24:16:request:  : array (
)
25/09/2025 16:24:26:request:  : array (
)
25/09/2025 16:24:29:request:  : array (
)
25/09/2025 16:24:29:request:  : array (
)
25/09/2025 16:25:12:request:  : array (
)
25/09/2025 16:25:15:request:  : array (
)
25/09/2025 16:25:16:request:  : array (
)
25/09/2025 16:26:20:request:  : array (
)
25/09/2025 16:26:35:request:  : array (
)
25/09/2025 16:26:49:request:  : array (
)
25/09/2025 16:26:58:request:  : array (
)
25/09/2025 16:27:00:request:  : array (
)
25/09/2025 16:27:42:request:  : array (
)
25/09/2025 16:32:45:request:  : array (
)
25/09/2025 16:32:48:request:  : array (
)
25/09/2025 16:32:48:request:  : array (
)
25/09/2025 16:33:51:request:  : array (
)
25/09/2025 16:33:54:request:  : array (
)
25/09/2025 16:33:54:request:  : array (
)
25/09/2025 16:34:58:request:  : array (
)
25/09/2025 16:35:00:request:  : array (
)
25/09/2025 16:35:00:request:  : array (
)
25/09/2025 16:36:09:request:  : array (
)
25/09/2025 16:36:11:request:  : array (
)
25/09/2025 16:36:12:request:  : array (
)
25/09/2025 16:38:16:request:  : array (
)
25/09/2025 16:38:19:request:  : array (
)
25/09/2025 16:38:19:request:  : array (
)
25/09/2025 16:39:16:request:  : array (
)
25/09/2025 16:39:19:request:  : array (
)
25/09/2025 16:39:19:request:  : array (
)
25/09/2025 16:39:40:request:  : array (
)
25/09/2025 16:39:43:request:  : array (
)
25/09/2025 16:39:43:request:  : array (
)
25/09/2025 16:42:40:request:  : array (
)
25/09/2025 16:42:42:request:  : array (
)
25/09/2025 16:42:43:request:  : array (
)
25/09/2025 16:43:26:request:  : array (
)
25/09/2025 16:43:29:request:  : array (
)
25/09/2025 16:43:29:request:  : array (
)
25/09/2025 16:44:09:request:  : array (
)
25/09/2025 16:44:11:request:  : array (
)
25/09/2025 16:44:11:request:  : array (
)
25/09/2025 16:45:33:request:  : array (
)
25/09/2025 16:45:36:request:  : array (
)
25/09/2025 16:45:36:request:  : array (
)
25/09/2025 16:46:24:request:  : array (
)
25/09/2025 16:46:27:request:  : array (
)
25/09/2025 16:46:27:request:  : array (
)
25/09/2025 16:47:47:request:  : array (
)
25/09/2025 16:47:50:request:  : array (
)
25/09/2025 16:47:50:request:  : array (
)
25/09/2025 16:48:17:request:  : array (
)
25/09/2025 16:48:20:request:  : array (
)
25/09/2025 16:48:20:request:  : array (
)
25/09/2025 16:48:48:request:  : array (
)
25/09/2025 16:48:51:request:  : array (
)
25/09/2025 16:48:51:request:  : array (
)
25/09/2025 16:49:55:request:  : array (
)
25/09/2025 16:49:58:request:  : array (
)
25/09/2025 16:49:58:request:  : array (
)
