<<<<<<< HEAD
=======
03/11/2025 13:40:00: register_routes() method called - Starting route registration
03/11/2025 13:40:00: REST API functions are available
03/11/2025 13:40:00: Geocode route registered
03/11/2025 13:40:00: All routes registration completed
03/11/2025 13:40:00: register_routes() method called - Starting route registration
03/11/2025 13:40:00: REST API functions are available
03/11/2025 13:40:00: Geocode route registered
03/11/2025 13:40:00: All routes registration completed
03/11/2025 13:42:00: register_routes() method called - Starting route registration
03/11/2025 13:42:00: REST API functions are available
03/11/2025 13:42:00: Geocode route registered
03/11/2025 13:42:00: All routes registration completed
03/11/2025 13:42:00: register_routes() method called - Starting route registration
03/11/2025 13:42:00: REST API functions are available
03/11/2025 13:42:00: Geocode route registered
03/11/2025 13:42:00: All routes registration completed
03/11/2025 13:42:00: register_routes() method called - Starting route registration
03/11/2025 13:42:00: REST API functions are available
03/11/2025 13:42:00: Geocode route registered
03/11/2025 13:42:00: All routes registration completed
03/11/2025 13:42:00: register_routes() method called - Starting route registration
03/11/2025 13:42:00: REST API functions are available
03/11/2025 13:42:00: Geocode route registered
03/11/2025 13:42:00: All routes registration completed
03/11/2025 13:42:00: register_routes() method called - Starting route registration
03/11/2025 13:42:00: REST API functions are available
03/11/2025 13:42:00: Geocode route registered
03/11/2025 13:42:00: All routes registration completed
03/11/2025 13:42:00: register_routes() method called - Starting route registration
03/11/2025 13:42:00: REST API functions are available
03/11/2025 13:42:00: Geocode route registered
03/11/2025 13:42:00: All routes registration completed
03/11/2025 13:42:06: register_routes() method called - Starting route registration
03/11/2025 13:42:06: REST API functions are available
03/11/2025 13:42:06: Geocode route registered
03/11/2025 13:42:06: All routes registration completed
03/11/2025 13:42:06: register_routes() method called - Starting route registration
03/11/2025 13:42:06: REST API functions are available
03/11/2025 13:42:06: Geocode route registered
03/11/2025 13:42:06: All routes registration completed
03/11/2025 13:42:06: register_routes() method called - Starting route registration
03/11/2025 13:42:06: REST API functions are available
03/11/2025 13:42:06: Geocode route registered
03/11/2025 13:42:06: All routes registration completed
03/11/2025 13:42:06: register_routes() method called - Starting route registration
03/11/2025 13:42:06: REST API functions are available
03/11/2025 13:42:06: Geocode route registered
03/11/2025 13:42:06: All routes registration completed
03/11/2025 13:42:06: register_routes() method called - Starting route registration
03/11/2025 13:42:06: REST API functions are available
03/11/2025 13:42:06: Geocode route registered
03/11/2025 13:42:06: All routes registration completed
03/11/2025 13:42:06: register_routes() method called - Starting route registration
03/11/2025 13:42:06: REST API functions are available
03/11/2025 13:42:06: Geocode route registered
03/11/2025 13:42:06: All routes registration completed
03/11/2025 13:42:35: register_routes() method called - Starting route registration
03/11/2025 13:42:35: REST API functions are available
03/11/2025 13:42:35: Geocode route registered
03/11/2025 13:42:35: All routes registration completed
03/11/2025 13:42:35: register_routes() method called - Starting route registration
03/11/2025 13:42:35: REST API functions are available
03/11/2025 13:42:35: Geocode route registered
03/11/2025 13:42:35: All routes registration completed
03/11/2025 13:42:35: register_routes() method called - Starting route registration
03/11/2025 13:42:35: REST API functions are available
03/11/2025 13:42:35: Geocode route registered
03/11/2025 13:42:35: All routes registration completed
03/11/2025 13:42:35: register_routes() method called - Starting route registration
03/11/2025 13:42:35: REST API functions are available
03/11/2025 13:42:35: Geocode route registered
03/11/2025 13:42:35: All routes registration completed
03/11/2025 13:42:36: register_routes() method called - Starting route registration
03/11/2025 13:42:36: REST API functions are available
03/11/2025 13:42:36: Geocode route registered
03/11/2025 13:42:36: All routes registration completed
03/11/2025 13:42:36: register_routes() method called - Starting route registration
03/11/2025 13:42:36: REST API functions are available
03/11/2025 13:42:36: Geocode route registered
03/11/2025 13:42:36: All routes registration completed
03/11/2025 13:42:36: register_routes() method called - Starting route registration
03/11/2025 13:42:36: REST API functions are available
03/11/2025 13:42:36: Geocode route registered
03/11/2025 13:42:36: All routes registration completed
03/11/2025 13:42:36: register_routes() method called - Starting route registration
03/11/2025 13:42:36: REST API functions are available
03/11/2025 13:42:36: Geocode route registered
03/11/2025 13:42:36: All routes registration completed
03/11/2025 13:42:36: register_routes() method called - Starting route registration
03/11/2025 13:42:36: REST API functions are available
03/11/2025 13:42:36: Geocode route registered
03/11/2025 13:42:36: All routes registration completed
03/11/2025 13:42:36: register_routes() method called - Starting route registration
03/11/2025 13:42:36: REST API functions are available
03/11/2025 13:42:36: Geocode route registered
03/11/2025 13:42:36: All routes registration completed
03/11/2025 13:42:36: register_routes() method called - Starting route registration
03/11/2025 13:42:36: REST API functions are available
03/11/2025 13:42:36: Geocode route registered
03/11/2025 13:42:36: All routes registration completed
03/11/2025 13:42:36: register_routes() method called - Starting route registration
03/11/2025 13:42:36: REST API functions are available
03/11/2025 13:42:36: Geocode route registered
03/11/2025 13:42:36: All routes registration completed
03/11/2025 13:42:36: register_routes() method called - Starting route registration
03/11/2025 13:42:36: REST API functions are available
03/11/2025 13:42:36: Geocode route registered
03/11/2025 13:42:36: All routes registration completed
03/11/2025 13:42:36: register_routes() method called - Starting route registration
03/11/2025 13:42:36: REST API functions are available
03/11/2025 13:42:36: Geocode route registered
03/11/2025 13:42:36: All routes registration completed
03/11/2025 13:42:38: register_routes() method called - Starting route registration
03/11/2025 13:42:38: REST API functions are available
03/11/2025 13:42:38: Geocode route registered
03/11/2025 13:42:38: All routes registration completed
03/11/2025 13:42:38: register_routes() method called - Starting route registration
03/11/2025 13:42:38: REST API functions are available
03/11/2025 13:42:38: Geocode route registered
03/11/2025 13:42:38: All routes registration completed
03/11/2025 13:42:38: register_routes() method called - Starting route registration
03/11/2025 13:42:38: REST API functions are available
03/11/2025 13:42:38: Geocode route registered
03/11/2025 13:42:38: All routes registration completed
03/11/2025 13:42:38: register_routes() method called - Starting route registration
03/11/2025 13:42:38: REST API functions are available
03/11/2025 13:42:38: Geocode route registered
03/11/2025 13:42:38: All routes registration completed
03/11/2025 13:42:38: register_routes() method called - Starting route registration
03/11/2025 13:42:38: REST API functions are available
03/11/2025 13:42:38: Geocode route registered
03/11/2025 13:42:38: All routes registration completed
03/11/2025 13:42:38: register_routes() method called - Starting route registration
03/11/2025 13:42:38: REST API functions are available
03/11/2025 13:42:38: Geocode route registered
03/11/2025 13:42:38: All routes registration completed
03/11/2025 13:42:49: register_routes() method called - Starting route registration
03/11/2025 13:42:49: REST API functions are available
03/11/2025 13:42:49: Geocode route registered
03/11/2025 13:42:49: All routes registration completed
03/11/2025 13:42:49: register_routes() method called - Starting route registration
03/11/2025 13:42:49: REST API functions are available
03/11/2025 13:42:49: Geocode route registered
03/11/2025 13:42:49: All routes registration completed
03/11/2025 13:42:53: register_routes() method called - Starting route registration
03/11/2025 13:42:53: REST API functions are available
03/11/2025 13:42:53: Geocode route registered
03/11/2025 13:42:53: All routes registration completed
03/11/2025 13:42:53: register_routes() method called - Starting route registration
03/11/2025 13:42:53: REST API functions are available
03/11/2025 13:42:53: Geocode route registered
03/11/2025 13:42:53: All routes registration completed
03/11/2025 13:43:30: register_routes() method called - Starting route registration
03/11/2025 13:43:30: REST API functions are available
03/11/2025 13:43:30: Geocode route registered
03/11/2025 13:43:30: All routes registration completed
03/11/2025 13:43:30: register_routes() method called - Starting route registration
03/11/2025 13:43:30: REST API functions are available
03/11/2025 13:43:30: Geocode route registered
03/11/2025 13:43:30: All routes registration completed
03/11/2025 13:43:30: register_routes() method called - Starting route registration
03/11/2025 13:43:30: REST API functions are available
03/11/2025 13:43:30: Geocode route registered
03/11/2025 13:43:30: All routes registration completed
03/11/2025 13:43:30: register_routes() method called - Starting route registration
03/11/2025 13:43:30: REST API functions are available
03/11/2025 13:43:30: Geocode route registered
03/11/2025 13:43:30: All routes registration completed
03/11/2025 13:43:30: register_routes() method called - Starting route registration
03/11/2025 13:43:30: REST API functions are available
03/11/2025 13:43:30: Geocode route registered
03/11/2025 13:43:30: All routes registration completed
03/11/2025 13:43:30: register_routes() method called - Starting route registration
03/11/2025 13:43:30: REST API functions are available
03/11/2025 13:43:30: Geocode route registered
03/11/2025 13:43:30: All routes registration completed
03/11/2025 13:43:32: register_routes() method called - Starting route registration
03/11/2025 13:43:32: REST API functions are available
03/11/2025 13:43:32: Geocode route registered
03/11/2025 13:43:32: All routes registration completed
03/11/2025 13:43:32: register_routes() method called - Starting route registration
03/11/2025 13:43:32: REST API functions are available
03/11/2025 13:43:32: Geocode route registered
03/11/2025 13:43:32: All routes registration completed
03/11/2025 13:43:32: register_routes() method called - Starting route registration
03/11/2025 13:43:32: REST API functions are available
03/11/2025 13:43:32: Geocode route registered
03/11/2025 13:43:32: All routes registration completed
03/11/2025 13:43:32: register_routes() method called - Starting route registration
03/11/2025 13:43:32: REST API functions are available
03/11/2025 13:43:32: Geocode route registered
03/11/2025 13:43:32: All routes registration completed
03/11/2025 13:43:32: register_routes() method called - Starting route registration
03/11/2025 13:43:32: REST API functions are available
03/11/2025 13:43:32: Geocode route registered
03/11/2025 13:43:32: All routes registration completed
03/11/2025 13:43:32: register_routes() method called - Starting route registration
03/11/2025 13:43:32: REST API functions are available
03/11/2025 13:43:32: Geocode route registered
03/11/2025 13:43:32: All routes registration completed
03/11/2025 13:46:09: register_routes() method called - Starting route registration
03/11/2025 13:46:09: REST API functions are available
03/11/2025 13:46:09: Geocode route registered
03/11/2025 13:46:09: All routes registration completed
03/11/2025 13:46:09: register_routes() method called - Starting route registration
03/11/2025 13:46:09: REST API functions are available
03/11/2025 13:46:09: Geocode route registered
03/11/2025 13:46:09: All routes registration completed
03/11/2025 13:46:09: register_routes() method called - Starting route registration
03/11/2025 13:46:09: REST API functions are available
03/11/2025 13:46:09: Geocode route registered
03/11/2025 13:46:09: All routes registration completed
03/11/2025 13:46:09: register_routes() method called - Starting route registration
03/11/2025 13:46:09: REST API functions are available
03/11/2025 13:46:09: Geocode route registered
03/11/2025 13:46:09: All routes registration completed
03/11/2025 13:46:09: register_routes() method called - Starting route registration
03/11/2025 13:46:09: REST API functions are available
03/11/2025 13:46:09: Geocode route registered
03/11/2025 13:46:09: All routes registration completed
03/11/2025 13:46:09: register_routes() method called - Starting route registration
03/11/2025 13:46:09: REST API functions are available
03/11/2025 13:46:09: Geocode route registered
03/11/2025 13:46:09: All routes registration completed
03/11/2025 13:46:09: register_routes() method called - Starting route registration
03/11/2025 13:46:09: REST API functions are available
03/11/2025 13:46:09: Geocode route registered
03/11/2025 13:46:09: All routes registration completed
03/11/2025 13:46:09: register_routes() method called - Starting route registration
03/11/2025 13:46:09: REST API functions are available
03/11/2025 13:46:09: Geocode route registered
03/11/2025 13:46:09: All routes registration completed
03/11/2025 13:46:12: register_routes() method called - Starting route registration
03/11/2025 13:46:12: REST API functions are available
03/11/2025 13:46:12: Geocode route registered
03/11/2025 13:46:12: All routes registration completed
03/11/2025 13:46:12: register_routes() method called - Starting route registration
03/11/2025 13:46:12: REST API functions are available
03/11/2025 13:46:12: Geocode route registered
03/11/2025 13:46:12: All routes registration completed
03/11/2025 13:46:12: register_routes() method called - Starting route registration
03/11/2025 13:46:12: REST API functions are available
03/11/2025 13:46:12: Geocode route registered
03/11/2025 13:46:12: All routes registration completed
03/11/2025 13:46:12: register_routes() method called - Starting route registration
03/11/2025 13:46:12: REST API functions are available
03/11/2025 13:46:12: Geocode route registered
03/11/2025 13:46:12: All routes registration completed
03/11/2025 13:46:12: register_routes() method called - Starting route registration
03/11/2025 13:46:12: REST API functions are available
03/11/2025 13:46:12: Geocode route registered
03/11/2025 13:46:12: All routes registration completed
03/11/2025 13:46:12: register_routes() method called - Starting route registration
03/11/2025 13:46:12: REST API functions are available
03/11/2025 13:46:12: Geocode route registered
03/11/2025 13:46:12: All routes registration completed
03/11/2025 13:46:25: register_routes() method called - Starting route registration
03/11/2025 13:46:25: REST API functions are available
03/11/2025 13:46:25: Geocode route registered
03/11/2025 13:46:25: All routes registration completed
03/11/2025 13:46:25: register_routes() method called - Starting route registration
03/11/2025 13:46:25: REST API functions are available
03/11/2025 13:46:25: Geocode route registered
03/11/2025 13:46:25: All routes registration completed
03/11/2025 13:46:25: register_routes() method called - Starting route registration
03/11/2025 13:46:25: REST API functions are available
03/11/2025 13:46:25: Geocode route registered
03/11/2025 13:46:25: All routes registration completed
03/11/2025 13:46:25: register_routes() method called - Starting route registration
03/11/2025 13:46:25: REST API functions are available
03/11/2025 13:46:25: Geocode route registered
03/11/2025 13:46:25: All routes registration completed
03/11/2025 13:46:25: register_routes() method called - Starting route registration
03/11/2025 13:46:25: REST API functions are available
03/11/2025 13:46:25: Geocode route registered
03/11/2025 13:46:25: All routes registration completed
03/11/2025 13:46:25: register_routes() method called - Starting route registration
03/11/2025 13:46:25: REST API functions are available
03/11/2025 13:46:25: Geocode route registered
03/11/2025 13:46:25: All routes registration completed
03/11/2025 13:46:25: register_routes() method called - Starting route registration
03/11/2025 13:46:25: REST API functions are available
03/11/2025 13:46:25: Geocode route registered
03/11/2025 13:46:25: All routes registration completed
03/11/2025 13:46:25: register_routes() method called - Starting route registration
03/11/2025 13:46:25: REST API functions are available
03/11/2025 13:46:25: Geocode route registered
03/11/2025 13:46:25: All routes registration completed
03/11/2025 13:46:27: register_routes() method called - Starting route registration
03/11/2025 13:46:27: REST API functions are available
03/11/2025 13:46:27: Geocode route registered
03/11/2025 13:46:27: All routes registration completed
03/11/2025 13:46:27: register_routes() method called - Starting route registration
03/11/2025 13:46:27: REST API functions are available
03/11/2025 13:46:27: Geocode route registered
03/11/2025 13:46:27: All routes registration completed
03/11/2025 13:46:27: register_routes() method called - Starting route registration
03/11/2025 13:46:27: REST API functions are available
03/11/2025 13:46:27: Geocode route registered
03/11/2025 13:46:27: All routes registration completed
03/11/2025 13:46:27: register_routes() method called - Starting route registration
03/11/2025 13:46:27: REST API functions are available
03/11/2025 13:46:27: Geocode route registered
03/11/2025 13:46:27: All routes registration completed
03/11/2025 13:46:27: register_routes() method called - Starting route registration
03/11/2025 13:46:27: REST API functions are available
03/11/2025 13:46:27: Geocode route registered
03/11/2025 13:46:27: All routes registration completed
03/11/2025 13:46:27: register_routes() method called - Starting route registration
03/11/2025 13:46:27: REST API functions are available
03/11/2025 13:46:27: Geocode route registered
03/11/2025 13:46:27: All routes registration completed
03/11/2025 13:46:32: register_routes() method called - Starting route registration
03/11/2025 13:46:32: REST API functions are available
03/11/2025 13:46:32: Geocode route registered
03/11/2025 13:46:32: All routes registration completed
03/11/2025 13:46:32: register_routes() method called - Starting route registration
03/11/2025 13:46:32: REST API functions are available
03/11/2025 13:46:32: Geocode route registered
03/11/2025 13:46:32: All routes registration completed
03/11/2025 13:46:32: register_routes() method called - Starting route registration
03/11/2025 13:46:32: REST API functions are available
03/11/2025 13:46:32: Geocode route registered
03/11/2025 13:46:32: All routes registration completed
03/11/2025 13:46:32: register_routes() method called - Starting route registration
03/11/2025 13:46:32: REST API functions are available
03/11/2025 13:46:32: Geocode route registered
03/11/2025 13:46:32: All routes registration completed
03/11/2025 13:46:33: register_routes() method called - Starting route registration
03/11/2025 13:46:33: REST API functions are available
03/11/2025 13:46:33: Geocode route registered
03/11/2025 13:46:33: All routes registration completed
03/11/2025 13:46:33: register_routes() method called - Starting route registration
03/11/2025 13:46:33: REST API functions are available
03/11/2025 13:46:33: Geocode route registered
03/11/2025 13:46:33: All routes registration completed
03/11/2025 13:46:33: register_routes() method called - Starting route registration
03/11/2025 13:46:33: REST API functions are available
03/11/2025 13:46:33: Geocode route registered
03/11/2025 13:46:33: All routes registration completed
03/11/2025 13:46:33: register_routes() method called - Starting route registration
03/11/2025 13:46:33: REST API functions are available
03/11/2025 13:46:33: Geocode route registered
03/11/2025 13:46:33: All routes registration completed
03/11/2025 13:46:35: register_routes() method called - Starting route registration
03/11/2025 13:46:35: REST API functions are available
03/11/2025 13:46:35: Geocode route registered
03/11/2025 13:46:35: All routes registration completed
03/11/2025 13:46:35: register_routes() method called - Starting route registration
03/11/2025 13:46:35: REST API functions are available
03/11/2025 13:46:35: Geocode route registered
03/11/2025 13:46:35: All routes registration completed
03/11/2025 13:46:36: register_routes() method called - Starting route registration
03/11/2025 13:46:36: REST API functions are available
03/11/2025 13:46:36: Geocode route registered
03/11/2025 13:46:36: All routes registration completed
03/11/2025 13:46:36: register_routes() method called - Starting route registration
03/11/2025 13:46:36: REST API functions are available
03/11/2025 13:46:36: Geocode route registered
03/11/2025 13:46:36: All routes registration completed
03/11/2025 13:46:36: register_routes() method called - Starting route registration
03/11/2025 13:46:36: REST API functions are available
03/11/2025 13:46:36: Geocode route registered
03/11/2025 13:46:36: All routes registration completed
03/11/2025 13:46:36: register_routes() method called - Starting route registration
03/11/2025 13:46:36: REST API functions are available
03/11/2025 13:46:36: Geocode route registered
03/11/2025 13:46:36: All routes registration completed
03/11/2025 13:47:01: register_routes() method called - Starting route registration
03/11/2025 13:47:01: register_routes() method called - Starting route registration
03/11/2025 13:47:01: REST API functions are available
03/11/2025 13:47:01: Geocode route registered
03/11/2025 13:47:01: All routes registration completed
03/11/2025 13:47:01: register_routes() method called - Starting route registration
03/11/2025 13:47:01: REST API functions are available
03/11/2025 13:47:01: Geocode route registered
03/11/2025 13:47:01: All routes registration completed
03/11/2025 13:47:01: REST API functions are available
03/11/2025 13:47:01: Geocode route registered
03/11/2025 13:47:01: All routes registration completed
03/11/2025 13:47:01: register_routes() method called - Starting route registration
03/11/2025 13:47:01: REST API functions are available
03/11/2025 13:47:01: Geocode route registered
03/11/2025 13:47:01: All routes registration completed
03/11/2025 13:47:04: register_routes() method called - Starting route registration
03/11/2025 13:47:04: REST API functions are available
03/11/2025 13:47:04: Geocode route registered
03/11/2025 13:47:04: All routes registration completed
03/11/2025 13:47:04: register_routes() method called - Starting route registration
03/11/2025 13:47:04: REST API functions are available
03/11/2025 13:47:04: Geocode route registered
03/11/2025 13:47:04: All routes registration completed
03/11/2025 13:47:09: register_routes() method called - Starting route registration
03/11/2025 13:47:09: REST API functions are available
03/11/2025 13:47:09: Geocode route registered
03/11/2025 13:47:09: All routes registration completed
03/11/2025 13:47:09: register_routes() method called - Starting route registration
03/11/2025 13:47:09: REST API functions are available
03/11/2025 13:47:09: Geocode route registered
03/11/2025 13:47:09: All routes registration completed
03/11/2025 13:47:53: register_routes() method called - Starting route registration
03/11/2025 13:47:53: REST API functions are available
03/11/2025 13:47:53: Geocode route registered
03/11/2025 13:47:53: All routes registration completed
03/11/2025 13:47:53: register_routes() method called - Starting route registration
03/11/2025 13:47:53: REST API functions are available
03/11/2025 13:47:53: Geocode route registered
03/11/2025 13:47:53: All routes registration completed
03/11/2025 13:48:17: register_routes() method called - Starting route registration
03/11/2025 13:48:17: REST API functions are available
03/11/2025 13:48:17: Geocode route registered
03/11/2025 13:48:17: All routes registration completed
03/11/2025 13:48:17: register_routes() method called - Starting route registration
03/11/2025 13:48:17: REST API functions are available
03/11/2025 13:48:17: Geocode route registered
03/11/2025 13:48:17: All routes registration completed
03/11/2025 13:48:17: register_routes() method called - Starting route registration
03/11/2025 13:48:17: REST API functions are available
03/11/2025 13:48:17: Geocode route registered
03/11/2025 13:48:17: All routes registration completed
03/11/2025 13:48:17: register_routes() method called - Starting route registration
03/11/2025 13:48:17: REST API functions are available
03/11/2025 13:48:17: Geocode route registered
03/11/2025 13:48:17: All routes registration completed
03/11/2025 13:48:34: register_routes() method called - Starting route registration
03/11/2025 13:48:34: REST API functions are available
03/11/2025 13:48:34: Geocode route registered
03/11/2025 13:48:34: All routes registration completed
03/11/2025 13:48:34: register_routes() method called - Starting route registration
03/11/2025 13:48:34: REST API functions are available
03/11/2025 13:48:34: Geocode route registered
03/11/2025 13:48:34: All routes registration completed
03/11/2025 13:48:34: register_routes() method called - Starting route registration
03/11/2025 13:48:34: REST API functions are available
03/11/2025 13:48:34: Geocode route registered
03/11/2025 13:48:34: All routes registration completed
03/11/2025 13:48:34: register_routes() method called - Starting route registration
03/11/2025 13:48:34: REST API functions are available
03/11/2025 13:48:34: Geocode route registered
03/11/2025 13:48:34: All routes registration completed
03/11/2025 13:48:40: register_routes() method called - Starting route registration
03/11/2025 13:48:40: REST API functions are available
03/11/2025 13:48:40: Geocode route registered
03/11/2025 13:48:40: All routes registration completed
03/11/2025 13:48:40: register_routes() method called - Starting route registration
03/11/2025 13:48:40: REST API functions are available
03/11/2025 13:48:40: Geocode route registered
03/11/2025 13:48:40: All routes registration completed
03/11/2025 13:49:56: register_routes() method called - Starting route registration
03/11/2025 13:49:56: REST API functions are available
03/11/2025 13:49:56: Geocode route registered
03/11/2025 13:49:56: All routes registration completed
03/11/2025 13:49:56: register_routes() method called - Starting route registration
03/11/2025 13:49:56: REST API functions are available
03/11/2025 13:49:56: Geocode route registered
03/11/2025 13:49:56: All routes registration completed
03/11/2025 13:49:56: register_routes() method called - Starting route registration
03/11/2025 13:49:56: REST API functions are available
03/11/2025 13:49:56: Geocode route registered
03/11/2025 13:49:56: All routes registration completed
03/11/2025 13:49:56: register_routes() method called - Starting route registration
03/11/2025 13:49:56: REST API functions are available
03/11/2025 13:49:56: Geocode route registered
03/11/2025 13:49:56: All routes registration completed
03/11/2025 13:49:56: register_routes() method called - Starting route registration
03/11/2025 13:49:56: REST API functions are available
03/11/2025 13:49:56: Geocode route registered
03/11/2025 13:49:56: All routes registration completed
03/11/2025 13:49:56: register_routes() method called - Starting route registration
03/11/2025 13:49:56: REST API functions are available
03/11/2025 13:49:56: Geocode route registered
03/11/2025 13:49:56: All routes registration completed
03/11/2025 13:50:07: register_routes() method called - Starting route registration
03/11/2025 13:50:07: REST API functions are available
03/11/2025 13:50:07: Geocode route registered
03/11/2025 13:50:07: All routes registration completed
03/11/2025 13:50:07: register_routes() method called - Starting route registration
03/11/2025 13:50:07: REST API functions are available
03/11/2025 13:50:07: Geocode route registered
03/11/2025 13:50:07: All routes registration completed
03/11/2025 13:50:07: register_routes() method called - Starting route registration
03/11/2025 13:50:07: REST API functions are available
03/11/2025 13:50:07: Geocode route registered
03/11/2025 13:50:07: All routes registration completed
03/11/2025 13:50:07: register_routes() method called - Starting route registration
03/11/2025 13:50:07: REST API functions are available
03/11/2025 13:50:07: Geocode route registered
03/11/2025 13:50:07: All routes registration completed
03/11/2025 13:50:07: register_routes() method called - Starting route registration
03/11/2025 13:50:07: REST API functions are available
03/11/2025 13:50:07: Geocode route registered
03/11/2025 13:50:07: All routes registration completed
03/11/2025 13:50:07: register_routes() method called - Starting route registration
03/11/2025 13:50:07: REST API functions are available
03/11/2025 13:50:07: Geocode route registered
03/11/2025 13:50:07: All routes registration completed
03/11/2025 13:50:22: register_routes() method called - Starting route registration
03/11/2025 13:50:22: REST API functions are available
03/11/2025 13:50:22: Geocode route registered
03/11/2025 13:50:22: All routes registration completed
03/11/2025 13:50:22: register_routes() method called - Starting route registration
03/11/2025 13:50:22: REST API functions are available
03/11/2025 13:50:22: Geocode route registered
03/11/2025 13:50:22: All routes registration completed
03/11/2025 13:50:22: register_routes() method called - Starting route registration
03/11/2025 13:50:22: REST API functions are available
03/11/2025 13:50:22: Geocode route registered
03/11/2025 13:50:22: All routes registration completed
03/11/2025 13:50:22: register_routes() method called - Starting route registration
03/11/2025 13:50:22: REST API functions are available
03/11/2025 13:50:22: Geocode route registered
03/11/2025 13:50:22: All routes registration completed
03/11/2025 13:50:22: register_routes() method called - Starting route registration
03/11/2025 13:50:22: REST API functions are available
03/11/2025 13:50:22: Geocode route registered
03/11/2025 13:50:22: All routes registration completed
03/11/2025 13:50:22: register_routes() method called - Starting route registration
03/11/2025 13:50:22: REST API functions are available
03/11/2025 13:50:22: Geocode route registered
03/11/2025 13:50:22: All routes registration completed
03/11/2025 13:50:58: register_routes() method called - Starting route registration
03/11/2025 13:50:58: REST API functions are available
03/11/2025 13:50:58: Geocode route registered
03/11/2025 13:50:58: All routes registration completed
03/11/2025 13:50:58: register_routes() method called - Starting route registration
03/11/2025 13:50:58: REST API functions are available
03/11/2025 13:50:58: Geocode route registered
03/11/2025 13:50:58: All routes registration completed
03/11/2025 13:50:58: register_routes() method called - Starting route registration
03/11/2025 13:50:58: REST API functions are available
03/11/2025 13:50:58: Geocode route registered
03/11/2025 13:50:58: All routes registration completed
03/11/2025 13:50:58: register_routes() method called - Starting route registration
03/11/2025 13:50:58: REST API functions are available
03/11/2025 13:50:58: Geocode route registered
03/11/2025 13:50:58: All routes registration completed
03/11/2025 13:50:58: register_routes() method called - Starting route registration
03/11/2025 13:50:58: REST API functions are available
03/11/2025 13:50:58: Geocode route registered
03/11/2025 13:50:58: All routes registration completed
03/11/2025 13:50:58: register_routes() method called - Starting route registration
03/11/2025 13:50:58: REST API functions are available
03/11/2025 13:50:58: Geocode route registered
03/11/2025 13:50:58: All routes registration completed
03/11/2025 13:51:25: register_routes() method called - Starting route registration
03/11/2025 13:51:25: REST API functions are available
03/11/2025 13:51:25: Geocode route registered
03/11/2025 13:51:25: All routes registration completed
03/11/2025 13:51:25: register_routes() method called - Starting route registration
03/11/2025 13:51:25: REST API functions are available
03/11/2025 13:51:25: Geocode route registered
03/11/2025 13:51:25: All routes registration completed
03/11/2025 13:51:25: register_routes() method called - Starting route registration
03/11/2025 13:51:25: REST API functions are available
03/11/2025 13:51:25: Geocode route registered
03/11/2025 13:51:25: All routes registration completed
03/11/2025 13:51:25: register_routes() method called - Starting route registration
03/11/2025 13:51:25: REST API functions are available
03/11/2025 13:51:25: Geocode route registered
03/11/2025 13:51:25: All routes registration completed
03/11/2025 13:51:25: register_routes() method called - Starting route registration
03/11/2025 13:51:25: REST API functions are available
03/11/2025 13:51:25: Geocode route registered
03/11/2025 13:51:25: All routes registration completed
03/11/2025 13:51:25: register_routes() method called - Starting route registration
03/11/2025 13:51:25: REST API functions are available
03/11/2025 13:51:25: Geocode route registered
03/11/2025 13:51:25: All routes registration completed
03/11/2025 13:52:00: register_routes() method called - Starting route registration
03/11/2025 13:52:00: REST API functions are available
03/11/2025 13:52:00: Geocode route registered
03/11/2025 13:52:00: All routes registration completed
03/11/2025 13:52:00: register_routes() method called - Starting route registration
03/11/2025 13:52:00: REST API functions are available
03/11/2025 13:52:00: Geocode route registered
03/11/2025 13:52:00: All routes registration completed
03/11/2025 13:52:01: register_routes() method called - Starting route registration
03/11/2025 13:52:01: REST API functions are available
03/11/2025 13:52:01: Geocode route registered
03/11/2025 13:52:01: All routes registration completed
03/11/2025 13:52:01: register_routes() method called - Starting route registration
03/11/2025 13:52:01: REST API functions are available
03/11/2025 13:52:01: Geocode route registered
03/11/2025 13:52:01: All routes registration completed
03/11/2025 13:52:01: register_routes() method called - Starting route registration
03/11/2025 13:52:01: REST API functions are available
03/11/2025 13:52:01: Geocode route registered
03/11/2025 13:52:01: All routes registration completed
03/11/2025 13:52:01: register_routes() method called - Starting route registration
03/11/2025 13:52:01: REST API functions are available
03/11/2025 13:52:01: Geocode route registered
03/11/2025 13:52:01: All routes registration completed
03/11/2025 13:53:19: register_routes() method called - Starting route registration
03/11/2025 13:53:19: REST API functions are available
03/11/2025 13:53:19: Geocode route registered
03/11/2025 13:53:19: All routes registration completed
03/11/2025 13:53:19: register_routes() method called - Starting route registration
03/11/2025 13:53:19: REST API functions are available
03/11/2025 13:53:19: Geocode route registered
03/11/2025 13:53:19: All routes registration completed
03/11/2025 13:53:19: register_routes() method called - Starting route registration
03/11/2025 13:53:19: REST API functions are available
03/11/2025 13:53:19: Geocode route registered
03/11/2025 13:53:19: All routes registration completed
03/11/2025 13:53:19: register_routes() method called - Starting route registration
03/11/2025 13:53:19: REST API functions are available
03/11/2025 13:53:19: Geocode route registered
03/11/2025 13:53:19: All routes registration completed
03/11/2025 13:53:54: register_routes() method called - Starting route registration
03/11/2025 13:53:54: REST API functions are available
03/11/2025 13:53:54: Geocode route registered
03/11/2025 13:53:54: All routes registration completed
03/11/2025 13:53:54: register_routes() method called - Starting route registration
03/11/2025 13:53:54: REST API functions are available
03/11/2025 13:53:54: Geocode route registered
03/11/2025 13:53:54: All routes registration completed
03/11/2025 13:53:54: register_routes() method called - Starting route registration
03/11/2025 13:53:54: REST API functions are available
03/11/2025 13:53:54: Geocode route registered
03/11/2025 13:53:54: All routes registration completed
03/11/2025 13:53:54: register_routes() method called - Starting route registration
03/11/2025 13:53:54: REST API functions are available
03/11/2025 13:53:54: Geocode route registered
03/11/2025 13:53:54: All routes registration completed
03/11/2025 13:53:54: register_routes() method called - Starting route registration
03/11/2025 13:53:54: REST API functions are available
03/11/2025 13:53:54: Geocode route registered
03/11/2025 13:53:54: All routes registration completed
03/11/2025 13:53:54: register_routes() method called - Starting route registration
03/11/2025 13:53:54: REST API functions are available
03/11/2025 13:53:54: Geocode route registered
03/11/2025 13:53:54: All routes registration completed
03/11/2025 13:54:16: register_routes() method called - Starting route registration
03/11/2025 13:54:16: REST API functions are available
03/11/2025 13:54:16: Geocode route registered
03/11/2025 13:54:16: All routes registration completed
03/11/2025 13:54:16: register_routes() method called - Starting route registration
03/11/2025 13:54:16: REST API functions are available
03/11/2025 13:54:16: Geocode route registered
03/11/2025 13:54:16: All routes registration completed
03/11/2025 13:54:18: register_routes() method called - Starting route registration
03/11/2025 13:54:18: REST API functions are available
03/11/2025 13:54:18: Geocode route registered
03/11/2025 13:54:18: All routes registration completed
03/11/2025 13:54:18: register_routes() method called - Starting route registration
03/11/2025 13:54:18: REST API functions are available
03/11/2025 13:54:18: Geocode route registered
03/11/2025 13:54:18: All routes registration completed
>>>>>>> 001a90d5 (store)
03/11/2025 14:01:59: register_routes() method called - Starting route registration
03/11/2025 14:01:59: REST API functions are available
03/11/2025 14:01:59: Geocode route registered
03/11/2025 14:01:59: All routes registration completed
03/11/2025 14:01:59: register_routes() method called - Starting route registration
03/11/2025 14:01:59: REST API functions are available
03/11/2025 14:01:59: Geocode route registered
03/11/2025 14:01:59: All routes registration completed
03/11/2025 14:01:59: register_routes() method called - Starting route registration
03/11/2025 14:01:59: REST API functions are available
03/11/2025 14:01:59: Geocode route registered
03/11/2025 14:01:59: All routes registration completed
03/11/2025 14:01:59: register_routes() method called - Starting route registration
03/11/2025 14:01:59: REST API functions are available
03/11/2025 14:01:59: Geocode route registered
03/11/2025 14:01:59: All routes registration completed
03/11/2025 14:02:02: register_routes() method called - Starting route registration
03/11/2025 14:02:02: REST API functions are available
03/11/2025 14:02:02: Geocode route registered
03/11/2025 14:02:02: All routes registration completed
03/11/2025 14:02:02: register_routes() method called - Starting route registration
03/11/2025 14:02:02: REST API functions are available
03/11/2025 14:02:02: Geocode route registered
03/11/2025 14:02:02: All routes registration completed
