05/03/2026 13:41:51:orders: : NULL
05/03/2026 13:42:30:orders: : array (
  0 => 
  (object) array(
     'review_id' => '3',
     'store_id' => '1',
     'customer_id' => '4',
     'order_id' => '0',
     'overall_rating' => '3.67',
     'review_title' => 'dsfjg',
     'review_content' => 'sgdngf',
     'review_images' => NULL,
     'status' => 'approved',
     'reply' => 'kore dilam',
     'reply_date' => '2026-03-05 08:12:28',
     'reported' => '0',
     'date_created' => '2026-03-05 08:12:04',
     'date_modified' => '2026-03-05 08:12:28',
  ),
  1 => 
  (object) array(
     'review_id' => '2',
     'store_id' => '1',
     'customer_id' => '5',
     'order_id' => '171',
     'overall_rating' => '3.33',
     'review_title' => 'test',
     'review_content' => 'test block',
     'review_images' => NULL,
     'status' => 'approved',
     'reply' => 'donedsfz',
     'reply_date' => '2026-03-05 06:25:42',
     'reported' => '0',
     'date_created' => '2026-03-05 06:07:15',
     'date_modified' => '2026-03-05 06:25:42',
  ),
)
