16/09/2025 15:20:31:all_endpoints: : array (
  'dashboard' => 
  array (
    'name' => 'Dashboard',
    'icon' => 'adminlib-module',
    'slug' => 'dashboard',
    'submenu' => 
    array (
    ),
    'capability' => 
    array (
      0 => 'edit_products',
    ),
  ),
  'store-settings' => 
  array (
    'name' => 'Store Settings',
    'slug' => 'store-settings',
    'icon' => 'adminlib-storefront',
    'submenu' => 
    array (
      0 => 
      array (
        'key' => 'storefront',
        'name' => 'Storefront',
        'slug' => 'storefront',
        'icon' => 'adminlib-cart',
        'capability' => 
        array (
          0 => 'read_products',
          1 => 'edit_products',
          2 => 'delete_products',
        ),
      ),
      1 => 
      array (
        'key' => 'store-information',
        'name' => 'Store Information',
        'slug' => 'store-information',
        'icon' => 'adminlib-cart',
        'capability' => 
        array (
          0 => 'read_products',
          1 => 'edit_products',
          2 => 'upload_files',
        ),
      ),
      2 => 
      array (
        'key' => 'payout-configuration',
        'name' => 'Payout Configuration',
        'slug' => 'payout-configuration',
        'icon' => 'adminlib-cart',
        'capability' => 
        array (
          0 => 'read_products',
          1 => 'edit_products',
          2 => 'upload_files',
        ),
      ),
      3 => 
      array (
        'key' => 'shop-policies',
        'name' => 'Shop Policies',
        'slug' => 'shop-policies',
        'icon' => 'adminlib-cart',
        'capability' => 
        array (
          0 => 'read_products',
          1 => 'edit_products',
          2 => 'upload_files',
        ),
      ),
      4 => 
      array (
        'key' => 'privacy',
        'name' => 'Privacy',
        'slug' => 'privacy',
        'icon' => 'adminlib-cart',
        'capability' => 
        array (
          0 => 'read_products',
          1 => 'edit_products',
          2 => 'upload_files',
        ),
      ),
    ),
    'capability' => 
    array (
      0 => 'manage_products',
    ),
  ),
  'products' => 
  array (
    'name' => 'Products',
    'slug' => 'products',
    'icon' => 'adminlib-single-product',
    'submenu' => 
    array (
      0 => 
      array (
        'key' => 'products',
        'name' => 'All Products',
        'slug' => 'products',
        'capability' => 
        array (
          0 => 'read_shop_orders',
          1 => 'edit_shop_orders',
          2 => 'delete_shop_orders',
        ),
      ),
      1 => 
      array (
        'key' => 'add-product',
        'name' => 'Edit Product',
        'slug' => 'add-product',
        'capability' => 
        array (
          0 => 'read_shop_orders',
          1 => 'edit_shop_orders',
          2 => 'delete_shop_orders',
        ),
      ),
    ),
    'capability' => 
    array (
      0 => 'manage_products',
    ),
  ),
  'orders' => 
  array (
    'name' => 'Orders',
    'slug' => 'orders',
    'icon' => 'adminlib-order',
    'submenu' => 
    array (
      0 => 
      array (
        'key' => 'all-orders',
        'name' => 'All Orders',
        'slug' => 'all-orders',
        'capability' => 
        array (
          0 => 'read_shop_orders',
          1 => 'edit_shop_orders',
          2 => 'delete_shop_orders',
        ),
      ),
      1 => 
      array (
        'key' => 'refund-requests',
        'name' => 'Refund Requests',
        'slug' => 'refund-requests',
        'capability' => 
        array (
          0 => 'read_shop_orders',
          1 => 'edit_shop_orders',
          2 => 'delete_shop_orders',
        ),
      ),
    ),
    'capability' => 
    array (
      0 => 'read_shop_orders',
    ),
  ),
  'coupons' => 
  array (
    'name' => 'Coupons',
    'slug' => 'coupons',
    'icon' => 'adminlib-contact-form',
    'capability' => 
    array (
      0 => 'read_shop_coupons',
    ),
  ),
  'reports' => 
  array (
    'name' => 'Stats / Report',
    'slug' => 'reports',
    'icon' => 'adminlib-report',
    'submenu' => 
    array (
      0 => 
      array (
        'key' => 'overview',
        'name' => 'Overview',
        'slug' => 'overview',
        'capability' => 
        array (
          0 => 'read_shop_coupons',
          1 => 'edit_shop_coupons',
          2 => 'delete_shop_coupons',
        ),
      ),
      1 => 
      array (
        'key' => 'banking overview',
        'name' => 'Banking Overview',
        'slug' => 'banking overview',
        'capability' => 
        array (
          0 => 'read_shop_coupons',
          1 => 'edit_shop_coupons',
        ),
      ),
    ),
    'capability' => 
    array (
      0 => 'read_shop_coupons',
    ),
  ),
  'payments' => 
  array (
    'name' => 'Payments',
    'slug' => 'payments',
    'icon' => 'adminlib-payment',
    'submenu' => 
    array (
      0 => 
      array (
        'key' => 'withdrawl',
        'name' => 'Withdrawal',
        'slug' => 'withdrawl',
        'capability' => 
        array (
          0 => 'read_shop_coupons',
          1 => 'edit_shop_coupons',
          2 => 'delete_shop_coupons',
        ),
      ),
      1 => 
      array (
        'key' => 'history',
        'name' => 'History',
        'slug' => 'history',
        'capability' => 
        array (
          0 => 'read_shop_coupons',
          1 => 'edit_shop_coupons',
        ),
      ),
      2 => 
      array (
        'key' => 'refund',
        'name' => 'Refund',
        'slug' => 'refund',
        'capability' => 
        array (
          0 => 'read_shop_coupons',
          1 => 'edit_shop_coupons',
        ),
      ),
    ),
    'capability' => 
    array (
      0 => 'read_shop_coupons',
    ),
  ),
  'finance' => 
  array (
    'name' => 'Finance',
    'slug' => 'finance',
    'icon' => 'adminlib-finance',
    'submenu' => 
    array (
      0 => 
      array (
        'key' => 'transactions',
        'name' => 'Transactions',
        'slug' => 'transactions',
        'capability' => 
        array (
          0 => 'read_shop_coupons',
          1 => 'edit_shop_coupons',
          2 => 'delete_shop_coupons',
        ),
      ),
      1 => 
      array (
        'key' => 'commissions',
        'name' => 'Commissions',
        'slug' => 'commissions',
        'capability' => 
        array (
          0 => 'read_shop_coupons',
          1 => 'edit_shop_coupons',
        ),
      ),
      2 => 
      array (
        'key' => 'invoices',
        'name' => 'Invoices',
        'slug' => 'invoices',
        'capability' => 
        array (
          0 => 'read_shop_coupons',
          1 => 'edit_shop_coupons',
        ),
      ),
      3 => 
      array (
        'key' => 'taxes',
        'name' => 'Taxes',
        'slug' => 'taxes',
        'capability' => 
        array (
          0 => 'read_shop_coupons',
          1 => 'edit_shop_coupons',
        ),
      ),
      4 => 
      array (
        'key' => 'withdrawals',
        'name' => 'Withdrawals',
        'slug' => 'withdrawals',
        'capability' => 
        array (
          0 => 'read_shop_coupons',
          1 => 'edit_shop_coupons',
        ),
      ),
    ),
    'capability' => 
    array (
      0 => 'read_shop_coupons',
    ),
  ),
  'store_support' => 
  array (
    'name' => 'Store Support',
    'icon' => 'adminlib-customer-service',
    'slug' => 'store-support',
    'submenu' => 
    array (
      0 => 
      array (
        'key' => 'support-tickets',
        'name' => 'Support Tickets',
        'slug' => 'support-tickets',
        'capability' => 
        array (
          0 => 'read_shop_coupons',
          1 => 'edit_shop_coupons',
          2 => 'delete_shop_coupons',
        ),
      ),
      1 => 
      array (
        'key' => 'customer-questions',
        'name' => 'Customer Questions',
        'slug' => 'customer-questions',
        'capability' => 
        array (
          0 => 'read_shop_coupons',
          1 => 'edit_shop_coupons',
        ),
      ),
    ),
    'capability' => 
    array (
      0 => 'manage_users',
    ),
  ),
  'knowledgebase' => 
  array (
    'name' => 'Reviews',
    'icon' => 'adminlib-cart',
    'slug' => 'reviews',
    'capability' => 
    array (
      0 => 'manage_users',
    ),
  ),
)
