29/08/2025 08:12:41:orders: :data array (
  'ID' => '1',
  'status' => NULL,
  'name' => 'new store',
  'slug' => 'new store',
  'description' => 'test store',
  'who_created' => 'admin',
  'create_time' => '2025-08-29 05:27:24',
  'address_1' => '',
  'address_2' => '',
  'city' => '',
  'postcode' => '',
  'country' => '',
  'country_code' => NULL,
  'state' => '',
  'state_code' => NULL,
  'phone' => '0',
  'commission_fixed' => '0.00',
  'commission_percentage' => '0.00',
  'location' => NULL,
  'lat' => NULL,
  'lng' => NULL,
  'image' => '',
  'banner' => '',
  'banner_type' => 'image',
  'video' => NULL,
  'slider' => NULL,
  'facebook' => 'facebook testf',
  'twitter' => 'twitter test',
  'linkedin' => 'nbgj',
  'youtube' => 'mhg',
  'pinterest' => NULL,
  'instagram' => 'mkj',
  'payment_method' => 'direct_bank',
  'commission_amount' => '7.00',
  'paypal_email' => 'bank of baroda',
  'bank_name' => '',
  'aba_routing' => '0',
  'destination_currency' => 'inr',
  'bank_address' => 'chakdaha',
  'iban' => '987349',
  'account_holder_name' => 'amit sarkar',
  'account_number' => '8',
)
29/08/2025 08:12:47:orders: :data array (
  'ID' => '1',
  'status' => NULL,
  'name' => 'new store',
  'slug' => 'new store',
  'description' => 'test store',
  'who_created' => 'admin',
  'create_time' => '2025-08-29 05:27:24',
  'address_1' => '',
  'address_2' => '',
  'city' => '',
  'postcode' => '',
  'country' => '',
  'country_code' => NULL,
  'state' => '',
  'state_code' => NULL,
  'phone' => '0',
  'commission_fixed' => '0.00',
  'commission_percentage' => '0.00',
  'location' => NULL,
  'lat' => NULL,
  'lng' => NULL,
  'image' => '',
  'banner' => '',
  'banner_type' => 'image',
  'video' => NULL,
  'slider' => NULL,
  'facebook' => 'facebook testf',
  'twitter' => 'twitter test',
  'linkedin' => 'nbgj',
  'youtube' => 'mhg',
  'pinterest' => NULL,
  'instagram' => 'mkjd',
  'payment_method' => 'direct_bank',
  'commission_amount' => '7.00',
  'paypal_email' => 'bank of baroda',
  'bank_name' => '',
  'aba_routing' => '0',
  'destination_currency' => 'inr',
  'bank_address' => 'chakdaha',
  'iban' => '987349',
  'account_holder_name' => 'amit sarkar',
  'account_number' => '8',
)
29/08/2025 08:12:47:orders: :data array (
  'ID' => '1',
  'status' => NULL,
  'name' => 'new store',
  'slug' => 'new store',
  'description' => 'test store',
  'who_created' => 'admin',
  'create_time' => '2025-08-29 05:27:24',
  'address_1' => '',
  'address_2' => '',
  'city' => '',
  'postcode' => '',
  'country' => '',
  'country_code' => NULL,
  'state' => '',
  'state_code' => NULL,
  'phone' => '0',
  'commission_fixed' => '0.00',
  'commission_percentage' => '0.00',
  'location' => NULL,
  'lat' => NULL,
  'lng' => NULL,
  'image' => '',
  'banner' => '',
  'banner_type' => 'image',
  'video' => NULL,
  'slider' => NULL,
  'facebook' => 'facebook testf',
  'twitter' => 'twitter test',
  'linkedin' => 'nbgj',
  'youtube' => 'mhg',
  'pinterest' => NULL,
  'instagram' => 'mkjdf',
  'payment_method' => 'direct_bank',
  'commission_amount' => '7.00',
  'paypal_email' => 'bank of baroda',
  'bank_name' => '',
  'aba_routing' => '0',
  'destination_currency' => 'inr',
  'bank_address' => 'chakdaha',
  'iban' => '987349',
  'account_holder_name' => 'amit sarkar',
  'account_number' => '8',
)
