03/11/2025 10:00:51:data:  : array (
  'order_id' => 158,
  'store_id' => 1,
  'customer_id' => 1,
  'total_order_amount' => '74.95',
  'commission_amount' => 59.96000000000001,
  'gateway_fee' => 0,
  'shipping_amount' => 0,
  'tax_amount' => 0,
  'shipping_tax_amount' => 0,
  'discount_amount' => '0',
  'commission_total' => 59.96000000000001,
  'currency' => 'INR',
  'status' => 'paid',
  'rules_applied' => 'a:1:{s:17:"commission_amount";a:2:{s:4:"type";s:11:"store_order";s:5:"rules";a:1:{i:0;a:3:{s:9:"rule_type";s:6:"global";s:5:"fixed";N;s:10:"percentage";s:2:"80";}}}}',
)
03/11/2025 10:00:51:data:  : array (
  'order_id' => 159,
  'store_id' => 2,
  'customer_id' => 1,
  'total_order_amount' => '19.98',
  'commission_amount' => 15.984000000000002,
  'gateway_fee' => 0,
  'shipping_amount' => 0,
  'tax_amount' => 0,
  'shipping_tax_amount' => 0,
  'discount_amount' => '0',
  'commission_total' => 15.984000000000002,
  'currency' => 'INR',
  'status' => 'paid',
  'rules_applied' => 'a:1:{s:17:"commission_amount";a:2:{s:4:"type";s:11:"store_order";s:5:"rules";a:1:{i:0;a:3:{s:9:"rule_type";s:6:"global";s:5:"fixed";N;s:10:"percentage";s:2:"80";}}}}',
)
03/11/2025 10:23:08:data:  : array (
  'order_id' => 65,
  'store_id' => 2,
  'customer_id' => 1,
  'total_order_amount' => '300.00',
  'commission_amount' => 0,
  'gateway_fee' => 0,
  'shipping_amount' => 0,
  'tax_amount' => 0,
  'shipping_tax_amount' => 0,
  'discount_amount' => '0',
  'commission_total' => 0.0,
  'currency' => 'INR',
  'status' => 'paid',
  'rules_applied' => 'a:0:{}',
)
03/11/2025 10:23:08:data:  : array (
  'order_id' => 66,
  'store_id' => 1,
  'customer_id' => 1,
  'total_order_amount' => '100.00',
  'commission_amount' => 0,
  'gateway_fee' => 0,
  'shipping_amount' => 0,
  'tax_amount' => 0,
  'shipping_tax_amount' => 0,
  'discount_amount' => '0',
  'commission_total' => 0.0,
  'currency' => 'INR',
  'status' => 'paid',
  'rules_applied' => 'a:0:{}',
)
03/11/2025 10:24:31:data:  : array (
  'order_id' => 68,
  'store_id' => 2,
  'customer_id' => 1,
  'total_order_amount' => '300.00',
  'commission_amount' => 240.0,
  'gateway_fee' => 0,
  'shipping_amount' => 0,
  'tax_amount' => 0,
  'shipping_tax_amount' => 0,
  'discount_amount' => '0',
  'commission_total' => 240.0,
  'currency' => 'INR',
  'status' => 'paid',
  'rules_applied' => 'a:1:{s:17:"commission_amount";a:2:{s:4:"type";s:11:"store_order";s:5:"rules";a:1:{i:0;a:3:{s:9:"rule_type";s:6:"global";s:5:"fixed";N;s:10:"percentage";s:2:"80";}}}}',
)
